Analysis & Synthesis report for ninja
Thu Apr 20 20:48:40 2023
Quartus Prime Version 18.1.0 Build 625 09/12/2018 SJ Lite Edition


---------------------
; Table of Contents ;
---------------------
  1. Legal Notice
  2. Analysis & Synthesis Summary
  3. Analysis & Synthesis Settings
  4. Parallel Compilation
  5. Analysis & Synthesis Messages
  6. Analysis & Synthesis Suppressed Messages



----------------
; Legal Notice ;
----------------
Copyright (C) 2018  Intel Corporation. All rights reserved.
Your use of Intel Corporation's design tools, logic functions 
and other software and tools, and its AMPP partner logic 
functions, and any output files from any of the foregoing 
(including device programming or simulation files), and any 
associated documentation or information are expressly subject 
to the terms and conditions of the Intel Program License 
Subscription Agreement, the Intel Quartus Prime License Agreement,
the Intel FPGA IP License Agreement, or other applicable license
agreement, including, without limitation, that your use is for
the sole purpose of programming logic devices manufactured by
Intel and sold by Intel or its authorized distributors.  Please
refer to the applicable agreement for further details.



+----------------------------------------------------------------------------------+
; Analysis & Synthesis Summary                                                     ;
+------------------------------------+---------------------------------------------+
; Analysis & Synthesis Status        ; Failed - Thu Apr 20 20:48:40 2023           ;
; Quartus Prime Version              ; 18.1.0 Build 625 09/12/2018 SJ Lite Edition ;
; Revision Name                      ; ninja                                       ;
; Top-level Entity Name              ; top                                         ;
; Family                             ; MAX 10                                      ;
; Total logic elements               ; N/A until Partition Merge                   ;
;     Total combinational functions  ; N/A until Partition Merge                   ;
;     Dedicated logic registers      ; N/A until Partition Merge                   ;
; Total registers                    ; N/A until Partition Merge                   ;
; Total pins                         ; N/A until Partition Merge                   ;
; Total virtual pins                 ; N/A until Partition Merge                   ;
; Total memory bits                  ; N/A until Partition Merge                   ;
; Embedded Multiplier 9-bit elements ; N/A until Partition Merge                   ;
; Total PLLs                         ; N/A until Partition Merge                   ;
; UFM blocks                         ; N/A until Partition Merge                   ;
; ADC blocks                         ; N/A until Partition Merge                   ;
+------------------------------------+---------------------------------------------+


+------------------------------------------------------------------------------------------------------------+
; Analysis & Synthesis Settings                                                                              ;
+------------------------------------------------------------------+--------------------+--------------------+
; Option                                                           ; Setting            ; Default Value      ;
+------------------------------------------------------------------+--------------------+--------------------+
; Device                                                           ; 10M50DCF484C7G     ;                    ;
; Top-level entity name                                            ; top                ; ninja              ;
; Family name                                                      ; MAX 10             ; Cyclone V          ;
; Use smart compilation                                            ; Off                ; Off                ;
; Enable parallel Assembler and Timing Analyzer during compilation ; On                 ; On                 ;
; Enable compact report table                                      ; Off                ; Off                ;
; Restructure Multiplexers                                         ; Auto               ; Auto               ;
; Create Debugging Nodes for IP Cores                              ; Off                ; Off                ;
; Preserve fewer node names                                        ; On                 ; On                 ;
; Intel FPGA IP Evaluation Mode                                    ; Enable             ; Enable             ;
; Verilog Version                                                  ; Verilog_2001       ; Verilog_2001       ;
; VHDL Version                                                     ; VHDL_1993          ; VHDL_1993          ;
; State Machine Processing                                         ; Auto               ; Auto               ;
; Safe State Machine                                               ; Off                ; Off                ;
; Extract Verilog State Machines                                   ; On                 ; On                 ;
; Extract VHDL State Machines                                      ; On                 ; On                 ;
; Ignore Verilog initial constructs                                ; Off                ; Off                ;
; Iteration limit for constant Verilog loops                       ; 5000               ; 5000               ;
; Iteration limit for non-constant Verilog loops                   ; 250                ; 250                ;
; Add Pass-Through Logic to Inferred RAMs                          ; On                 ; On                 ;
; Infer RAMs from Raw Logic                                        ; On                 ; On                 ;
; Parallel Synthesis                                               ; On                 ; On                 ;
; DSP Block Balancing                                              ; Auto               ; Auto               ;
; NOT Gate Push-Back                                               ; On                 ; On                 ;
; Power-Up Don't Care                                              ; On                 ; On                 ;
; Remove Redundant Logic Cells                                     ; Off                ; Off                ;
; Remove Duplicate Registers                                       ; On                 ; On                 ;
; Ignore CARRY Buffers                                             ; Off                ; Off                ;
; Ignore CASCADE Buffers                                           ; Off                ; Off                ;
; Ignore GLOBAL Buffers                                            ; Off                ; Off                ;
; Ignore ROW GLOBAL Buffers                                        ; Off                ; Off                ;
; Ignore LCELL Buffers                                             ; Off                ; Off                ;
; Ignore SOFT Buffers                                              ; On                 ; On                 ;
; Limit AHDL Integers to 32 Bits                                   ; Off                ; Off                ;
; Optimization Technique                                           ; Balanced           ; Balanced           ;
; Carry Chain Length                                               ; 70                 ; 70                 ;
; Auto Carry Chains                                                ; On                 ; On                 ;
; Auto Open-Drain Pins                                             ; On                 ; On                 ;
; Perform WYSIWYG Primitive Resynthesis                            ; Off                ; Off                ;
; Auto ROM Replacement                                             ; On                 ; On                 ;
; Auto RAM Replacement                                             ; On                 ; On                 ;
; Auto DSP Block Replacement                                       ; On                 ; On                 ;
; Auto Shift Register Replacement                                  ; Auto               ; Auto               ;
; Allow Shift Register Merging across Hierarchies                  ; Auto               ; Auto               ;
; Auto Clock Enable Replacement                                    ; On                 ; On                 ;
; Strict RAM Replacement                                           ; Off                ; Off                ;
; Allow Synchronous Control Signals                                ; On                 ; On                 ;
; Force Use of Synchronous Clear Signals                           ; Off                ; Off                ;
; Auto RAM Block Balancing                                         ; On                 ; On                 ;
; Auto RAM to Logic Cell Conversion                                ; Off                ; Off                ;
; Auto Resource Sharing                                            ; Off                ; Off                ;
; Allow Any RAM Size For Recognition                               ; Off                ; Off                ;
; Allow Any ROM Size For Recognition                               ; Off                ; Off                ;
; Allow Any Shift Register Size For Recognition                    ; Off                ; Off                ;
; Use LogicLock Constraints during Resource Balancing              ; On                 ; On                 ;
; Ignore translate_off and synthesis_off directives                ; Off                ; Off                ;
; Timing-Driven Synthesis                                          ; On                 ; On                 ;
; Report Parameter Settings                                        ; On                 ; On                 ;
; Report Source Assignments                                        ; On                 ; On                 ;
; Report Connectivity Checks                                       ; On                 ; On                 ;
; Ignore Maximum Fan-Out Assignments                               ; Off                ; Off                ;
; Synchronization Register Chain Length                            ; 2                  ; 2                  ;
; Power Optimization During Synthesis                              ; Normal compilation ; Normal compilation ;
; HDL message level                                                ; Level2             ; Level2             ;
; Suppress Register Optimization Related Messages                  ; Off                ; Off                ;
; Number of Removed Registers Reported in Synthesis Report         ; 5000               ; 5000               ;
; Number of Swept Nodes Reported in Synthesis Report               ; 5000               ; 5000               ;
; Number of Inverted Registers Reported in Synthesis Report        ; 100                ; 100                ;
; Clock MUX Protection                                             ; On                 ; On                 ;
; Auto Gated Clock Conversion                                      ; Off                ; Off                ;
; Block Design Naming                                              ; Auto               ; Auto               ;
; SDC constraint protection                                        ; Off                ; Off                ;
; Synthesis Effort                                                 ; Auto               ; Auto               ;
; Shift Register Replacement - Allow Asynchronous Clear Signal     ; On                 ; On                 ;
; Pre-Mapping Resynthesis Optimization                             ; Off                ; Off                ;
; Analysis & Synthesis Message Level                               ; Medium             ; Medium             ;
; Disable Register Merging Across Hierarchies                      ; Auto               ; Auto               ;
; Resource Aware Inference For Block RAM                           ; On                 ; On                 ;
+------------------------------------------------------------------+--------------------+--------------------+


+------------------------------------------+
; Parallel Compilation                     ;
+----------------------------+-------------+
; Processors                 ; Number      ;
+----------------------------+-------------+
; Number detected on machine ; 16          ;
; Maximum allowed            ; 8           ;
;                            ;             ;
; Average used               ; 1.00        ;
; Maximum used               ; 1           ;
;                            ;             ;
; Usage by Processor         ; % Time Used ;
;     Processor 1            ; 100.0%      ;
+----------------------------+-------------+


+-------------------------------+
; Analysis & Synthesis Messages ;
+-------------------------------+
Info: *******************************************************************
Info: Running Quartus Prime Analysis & Synthesis
    Info: Version 18.1.0 Build 625 09/12/2018 SJ Lite Edition
    Info: Processing started: Thu Apr 20 20:47:46 2023
Info: Command: quartus_map --read_settings_files=on --write_settings_files=off fruit_ninja -c ninja
Warning (18236): Number of processors has not been specified which may cause overloading on shared machines.  Set the global assignment NUM_PARALLEL_PROCESSORS in your QSF to an appropriate value for best performance.
Info (20030): Parallel compilation is enabled and will use 8 of the 8 processors detected
Info (12248): Elaborating Platform Designer system entity "final.qsys"
Info (12250): 2023.04.20.20:48:02 Progress: Loading Fruit-ninja-on-FPGA/final.qsys
Info (12250): 2023.04.20.20:48:03 Progress: Reading input file
Info (12250): 2023.04.20.20:48:03 Progress: Adding RESET [altera_avalon_pio 18.1]
Info (12250): 2023.04.20.20:48:03 Progress: Parameterizing module RESET
Info (12250): 2023.04.20.20:48:03 Progress: Adding SDRAM [altera_avalon_new_sdram_controller 18.1]
Info (12250): 2023.04.20.20:48:03 Progress: Parameterizing module SDRAM
Info (12250): 2023.04.20.20:48:03 Progress: Adding START [altera_avalon_pio 18.1]
Info (12250): 2023.04.20.20:48:03 Progress: Parameterizing module START
Info (12250): 2023.04.20.20:48:03 Progress: Adding clk_0 [clock_source 18.1]
Info (12250): 2023.04.20.20:48:04 Progress: Parameterizing module clk_0
Info (12250): 2023.04.20.20:48:04 Progress: Adding hex_digits_pio [altera_avalon_pio 18.1]
Info (12250): 2023.04.20.20:48:04 Progress: Parameterizing module hex_digits_pio
Info (12250): 2023.04.20.20:48:04 Progress: Adding keycode [altera_avalon_pio 18.1]
Info (12250): 2023.04.20.20:48:04 Progress: Parameterizing module keycode
Info (12250): 2023.04.20.20:48:04 Progress: Adding nios2_gen2_0 [altera_nios2_gen2 18.1]
Info (12250): 2023.04.20.20:48:04 Progress: Parameterizing module nios2_gen2_0
Info (12250): 2023.04.20.20:48:04 Progress: Adding onchip_memory2_0 [altera_avalon_onchip_memory2 18.1]
Info (12250): 2023.04.20.20:48:04 Progress: Parameterizing module onchip_memory2_0
Info (12250): 2023.04.20.20:48:04 Progress: Adding sdram_pll [altpll 18.1]
Info (12250): 2023.04.20.20:48:05 Progress: Parameterizing module sdram_pll
Info (12250): 2023.04.20.20:48:05 Progress: Adding spi_0 [altera_avalon_spi 18.1]
Info (12250): 2023.04.20.20:48:05 Progress: Parameterizing module spi_0
Info (12250): 2023.04.20.20:48:05 Progress: Adding sysid_qsys_0 [altera_avalon_sysid_qsys 18.1]
Info (12250): 2023.04.20.20:48:05 Progress: Parameterizing module sysid_qsys_0
Info (12250): 2023.04.20.20:48:05 Progress: Adding timer_0 [altera_avalon_timer 18.1]
Info (12250): 2023.04.20.20:48:05 Progress: Parameterizing module timer_0
Info (12250): 2023.04.20.20:48:05 Progress: Adding usb_gpx [altera_avalon_pio 18.1]
Info (12250): 2023.04.20.20:48:05 Progress: Parameterizing module usb_gpx
Info (12250): 2023.04.20.20:48:05 Progress: Adding usb_irq [altera_avalon_pio 18.1]
Info (12250): 2023.04.20.20:48:05 Progress: Parameterizing module usb_irq
Info (12250): 2023.04.20.20:48:05 Progress: Adding usb_rst [altera_avalon_pio 18.1]
Info (12250): 2023.04.20.20:48:05 Progress: Parameterizing module usb_rst
Info (12250): 2023.04.20.20:48:05 Progress: Building connections
Info (12250): 2023.04.20.20:48:05 Progress: Parameterizing connections
Info (12250): 2023.04.20.20:48:05 Progress: Validating
Info (12250): 2023.04.20.20:48:06 Progress: Done reading input file
Info (12250): Final.RESET: PIO inputs are not hardwired in test bench. Undefined values will be read from PIO inputs during simulation.
Info (12250): Final.SDRAM: SDRAM Controller will only be supported in Quartus Prime Standard Edition in the future release.
Info (12250): Final.START: PIO inputs are not hardwired in test bench. Undefined values will be read from PIO inputs during simulation.
Info (12250): Final.sysid_qsys_0: System ID is not assigned automatically. Edit the System ID parameter to provide a unique ID
Info (12250): Final.sysid_qsys_0: Time stamp will be automatically updated when this component is generated.
Info (12250): Final.usb_gpx: PIO inputs are not hardwired in test bench. Undefined values will be read from PIO inputs during simulation.
Info (12250): Final.usb_irq: PIO inputs are not hardwired in test bench. Undefined values will be read from PIO inputs during simulation.
Info (12250): Final: Generating final "final" for QUARTUS_SYNTH
Info (12250): Inserting clock-crossing logic between cmd_demux.src4 and cmd_mux_004.sink0
Info (12250): Inserting clock-crossing logic between cmd_demux_001.src4 and cmd_mux_004.sink1
Info (12250): Inserting clock-crossing logic between rsp_demux_004.src0 and rsp_mux.sink4
Info (12250): Inserting clock-crossing logic between rsp_demux_004.src1 and rsp_mux_001.sink4
Info (12250): RESET: Starting RTL generation for module 'final_RESET'
Info (12250): RESET:   Generation command is [exec C:/intelfpga_lite/18.1/quartus/bin64/perl/bin/perl.exe -I C:/intelfpga_lite/18.1/quartus/bin64/perl/lib -I C:/intelfpga_lite/18.1/quartus/sopc_builder/bin/europa -I C:/intelfpga_lite/18.1/quartus/sopc_builder/bin/perl_lib -I C:/intelfpga_lite/18.1/quartus/sopc_builder/bin -I C:/intelfpga_lite/18.1/quartus/../ip/altera/sopc_builder_ip/common -I C:/intelfpga_lite/18.1/quartus/../ip/altera/sopc_builder_ip/altera_avalon_pio -- C:/intelfpga_lite/18.1/quartus/../ip/altera/sopc_builder_ip/altera_avalon_pio/generate_rtl.pl --name=final_RESET --dir=C:/Users/sz_ol/AppData/Local/Temp/alt9468_8670534805548529720.dir/0002_RESET_gen/ --quartus_dir=C:/intelfpga_lite/18.1/quartus --verilog --config=C:/Users/sz_ol/AppData/Local/Temp/alt9468_8670534805548529720.dir/0002_RESET_gen//final_RESET_component_configuration.pl  --do_build_sim=0  ]
Info (12250): RESET: Done RTL generation for module 'final_RESET'
Info (12250): RESET: "final" instantiated altera_avalon_pio "RESET"
Info (12250): SDRAM: Starting RTL generation for module 'final_SDRAM'
Info (12250): SDRAM:   Generation command is [exec C:/intelfpga_lite/18.1/quartus/bin64/perl/bin/perl.exe -I C:/intelfpga_lite/18.1/quartus/bin64/perl/lib -I C:/intelfpga_lite/18.1/quartus/sopc_builder/bin/europa -I C:/intelfpga_lite/18.1/quartus/sopc_builder/bin/perl_lib -I C:/intelfpga_lite/18.1/quartus/sopc_builder/bin -I C:/intelfpga_lite/18.1/quartus/../ip/altera/sopc_builder_ip/common -I C:/intelfpga_lite/18.1/quartus/../ip/altera/sopc_builder_ip/altera_avalon_new_sdram_controller -- C:/intelfpga_lite/18.1/quartus/../ip/altera/sopc_builder_ip/altera_avalon_new_sdram_controller/generate_rtl.pl --name=final_SDRAM --dir=C:/Users/sz_ol/AppData/Local/Temp/alt9468_8670534805548529720.dir/0003_SDRAM_gen/ --quartus_dir=C:/intelfpga_lite/18.1/quartus --verilog --config=C:/Users/sz_ol/AppData/Local/Temp/alt9468_8670534805548529720.dir/0003_SDRAM_gen//final_SDRAM_component_configuration.pl  --do_build_sim=0  ]
Info (12250): SDRAM: Done RTL generation for module 'final_SDRAM'
Info (12250): SDRAM: "final" instantiated altera_avalon_new_sdram_controller "SDRAM"
Info (12250): Hex_digits_pio: Starting RTL generation for module 'final_hex_digits_pio'
Info (12250): Hex_digits_pio:   Generation command is [exec C:/intelfpga_lite/18.1/quartus/bin64/perl/bin/perl.exe -I C:/intelfpga_lite/18.1/quartus/bin64/perl/lib -I C:/intelfpga_lite/18.1/quartus/sopc_builder/bin/europa -I C:/intelfpga_lite/18.1/quartus/sopc_builder/bin/perl_lib -I C:/intelfpga_lite/18.1/quartus/sopc_builder/bin -I C:/intelfpga_lite/18.1/quartus/../ip/altera/sopc_builder_ip/common -I C:/intelfpga_lite/18.1/quartus/../ip/altera/sopc_builder_ip/altera_avalon_pio -- C:/intelfpga_lite/18.1/quartus/../ip/altera/sopc_builder_ip/altera_avalon_pio/generate_rtl.pl --name=final_hex_digits_pio --dir=C:/Users/sz_ol/AppData/Local/Temp/alt9468_8670534805548529720.dir/0004_hex_digits_pio_gen/ --quartus_dir=C:/intelfpga_lite/18.1/quartus --verilog --config=C:/Users/sz_ol/AppData/Local/Temp/alt9468_8670534805548529720.dir/0004_hex_digits_pio_gen//final_hex_digits_pio_component_configuration.pl  --do_build_sim=0  ]
Info (12250): Hex_digits_pio: Done RTL generation for module 'final_hex_digits_pio'
Info (12250): Hex_digits_pio: "final" instantiated altera_avalon_pio "hex_digits_pio"
Info (12250): Keycode: Starting RTL generation for module 'final_keycode'
Info (12250): Keycode:   Generation command is [exec C:/intelfpga_lite/18.1/quartus/bin64/perl/bin/perl.exe -I C:/intelfpga_lite/18.1/quartus/bin64/perl/lib -I C:/intelfpga_lite/18.1/quartus/sopc_builder/bin/europa -I C:/intelfpga_lite/18.1/quartus/sopc_builder/bin/perl_lib -I C:/intelfpga_lite/18.1/quartus/sopc_builder/bin -I C:/intelfpga_lite/18.1/quartus/../ip/altera/sopc_builder_ip/common -I C:/intelfpga_lite/18.1/quartus/../ip/altera/sopc_builder_ip/altera_avalon_pio -- C:/intelfpga_lite/18.1/quartus/../ip/altera/sopc_builder_ip/altera_avalon_pio/generate_rtl.pl --name=final_keycode --dir=C:/Users/sz_ol/AppData/Local/Temp/alt9468_8670534805548529720.dir/0005_keycode_gen/ --quartus_dir=C:/intelfpga_lite/18.1/quartus --verilog --config=C:/Users/sz_ol/AppData/Local/Temp/alt9468_8670534805548529720.dir/0005_keycode_gen//final_keycode_component_configuration.pl  --do_build_sim=0  ]
Info (12250): Keycode: Done RTL generation for module 'final_keycode'
Info (12250): Keycode: "final" instantiated altera_avalon_pio "keycode"
Info (12250): Nios2_gen2_0: "final" instantiated altera_nios2_gen2 "nios2_gen2_0"
Info (12250): Onchip_memory2_0: Starting RTL generation for module 'final_onchip_memory2_0'
Info (12250): Onchip_memory2_0:   Generation command is [exec C:/intelfpga_lite/18.1/quartus/bin64/perl/bin/perl.exe -I C:/intelfpga_lite/18.1/quartus/bin64/perl/lib -I C:/intelfpga_lite/18.1/quartus/sopc_builder/bin/europa -I C:/intelfpga_lite/18.1/quartus/sopc_builder/bin/perl_lib -I C:/intelfpga_lite/18.1/quartus/sopc_builder/bin -I C:/intelfpga_lite/18.1/quartus/../ip/altera/sopc_builder_ip/common -I C:/intelfpga_lite/18.1/quartus/../ip/altera/sopc_builder_ip/altera_avalon_onchip_memory2 -- C:/intelfpga_lite/18.1/quartus/../ip/altera/sopc_builder_ip/altera_avalon_onchip_memory2/generate_rtl.pl --name=final_onchip_memory2_0 --dir=C:/Users/sz_ol/AppData/Local/Temp/alt9468_8670534805548529720.dir/0006_onchip_memory2_0_gen/ --quartus_dir=C:/intelfpga_lite/18.1/quartus --verilog --config=C:/Users/sz_ol/AppData/Local/Temp/alt9468_8670534805548529720.dir/0006_onchip_memory2_0_gen//final_onchip_memory2_0_component_configuration.pl  --do_build_sim=0  ]
Info (12250): Onchip_memory2_0: Done RTL generation for module 'final_onchip_memory2_0'
Info (12250): Onchip_memory2_0: "final" instantiated altera_avalon_onchip_memory2 "onchip_memory2_0"
Info (12250): Sdram_pll: "final" instantiated altpll "sdram_pll"
Info (12250): Spi_0: Starting RTL generation for module 'final_spi_0'
Info (12250): Spi_0:   Generation command is [exec C:/intelfpga_lite/18.1/quartus/bin64/perl/bin/perl.exe -I C:/intelfpga_lite/18.1/quartus/bin64/perl/lib -I C:/intelfpga_lite/18.1/quartus/sopc_builder/bin/europa -I C:/intelfpga_lite/18.1/quartus/sopc_builder/bin/perl_lib -I C:/intelfpga_lite/18.1/quartus/sopc_builder/bin -I C:/intelfpga_lite/18.1/quartus/../ip/altera/sopc_builder_ip/common -I C:/intelfpga_lite/18.1/quartus/../ip/altera/sopc_builder_ip/altera_avalon_spi -- C:/intelfpga_lite/18.1/quartus/../ip/altera/sopc_builder_ip/altera_avalon_spi/generate_rtl.pl --name=final_spi_0 --dir=C:/Users/sz_ol/AppData/Local/Temp/alt9468_8670534805548529720.dir/0009_spi_0_gen/ --quartus_dir=C:/intelfpga_lite/18.1/quartus --verilog --config=C:/Users/sz_ol/AppData/Local/Temp/alt9468_8670534805548529720.dir/0009_spi_0_gen//final_spi_0_component_configuration.pl  --do_build_sim=0  ]
Info (12250): Spi_0: Done RTL generation for module 'final_spi_0'
Info (12250): Spi_0: "final" instantiated altera_avalon_spi "spi_0"
Info (12250): Sysid_qsys_0: "final" instantiated altera_avalon_sysid_qsys "sysid_qsys_0"
Info (12250): Timer_0: Starting RTL generation for module 'final_timer_0'
Info (12250): Timer_0:   Generation command is [exec C:/intelFPGA_lite/18.1/quartus/bin64//perl/bin/perl.exe -I C:/intelFPGA_lite/18.1/quartus/bin64//perl/lib -I C:/intelfpga_lite/18.1/quartus/sopc_builder/bin/europa -I C:/intelfpga_lite/18.1/quartus/sopc_builder/bin/perl_lib -I C:/intelfpga_lite/18.1/quartus/sopc_builder/bin -I C:/intelfpga_lite/18.1/quartus/../ip/altera/sopc_builder_ip/common -I C:/intelfpga_lite/18.1/quartus/../ip/altera/sopc_builder_ip/altera_avalon_timer -- C:/intelfpga_lite/18.1/quartus/../ip/altera/sopc_builder_ip/altera_avalon_timer/generate_rtl.pl --name=final_timer_0 --dir=C:/Users/sz_ol/AppData/Local/Temp/alt9468_8670534805548529720.dir/0011_timer_0_gen/ --quartus_dir=C:/intelfpga_lite/18.1/quartus --verilog --config=C:/Users/sz_ol/AppData/Local/Temp/alt9468_8670534805548529720.dir/0011_timer_0_gen//final_timer_0_component_configuration.pl  --do_build_sim=0  ]
Info (12250): Timer_0: Done RTL generation for module 'final_timer_0'
Info (12250): Timer_0: "final" instantiated altera_avalon_timer "timer_0"
Info (12250): Usb_rst: Starting RTL generation for module 'final_usb_rst'
Info (12250): Usb_rst:   Generation command is [exec C:/intelfpga_lite/18.1/quartus/bin64/perl/bin/perl.exe -I C:/intelfpga_lite/18.1/quartus/bin64/perl/lib -I C:/intelfpga_lite/18.1/quartus/sopc_builder/bin/europa -I C:/intelfpga_lite/18.1/quartus/sopc_builder/bin/perl_lib -I C:/intelfpga_lite/18.1/quartus/sopc_builder/bin -I C:/intelfpga_lite/18.1/quartus/../ip/altera/sopc_builder_ip/common -I C:/intelfpga_lite/18.1/quartus/../ip/altera/sopc_builder_ip/altera_avalon_pio -- C:/intelfpga_lite/18.1/quartus/../ip/altera/sopc_builder_ip/altera_avalon_pio/generate_rtl.pl --name=final_usb_rst --dir=C:/Users/sz_ol/AppData/Local/Temp/alt9468_8670534805548529720.dir/0012_usb_rst_gen/ --quartus_dir=C:/intelfpga_lite/18.1/quartus --verilog --config=C:/Users/sz_ol/AppData/Local/Temp/alt9468_8670534805548529720.dir/0012_usb_rst_gen//final_usb_rst_component_configuration.pl  --do_build_sim=0  ]
Info (12250): Usb_rst: Done RTL generation for module 'final_usb_rst'
Info (12250): Usb_rst: "final" instantiated altera_avalon_pio "usb_rst"
Info (12250): Avalon_st_adapter: Inserting error_adapter: error_adapter_0
Info (12250): Avalon_st_adapter_001: Inserting error_adapter: error_adapter_0
Info (12250): Avalon_st_adapter_002: Inserting error_adapter: error_adapter_0
Info (12250): Avalon_st_adapter_003: Inserting error_adapter: error_adapter_0
Info (12250): Avalon_st_adapter_004: Inserting error_adapter: error_adapter_0
Info (12250): Avalon_st_adapter_005: Inserting error_adapter: error_adapter_0
Info (12250): Avalon_st_adapter_006: Inserting error_adapter: error_adapter_0
Info (12250): Avalon_st_adapter_007: Inserting error_adapter: error_adapter_0
Info (12250): Avalon_st_adapter_008: Inserting error_adapter: error_adapter_0
Info (12250): Avalon_st_adapter_009: Inserting error_adapter: error_adapter_0
Info (12250): Avalon_st_adapter_010: Inserting error_adapter: error_adapter_0
Info (12250): Avalon_st_adapter_011: Inserting error_adapter: error_adapter_0
Info (12250): Avalon_st_adapter_012: Inserting error_adapter: error_adapter_0
Info (12250): Avalon_st_adapter_013: Inserting error_adapter: error_adapter_0
Info (12250): Mm_interconnect_0: "final" instantiated altera_mm_interconnect "mm_interconnect_0"
Info (12250): Irq_mapper: "final" instantiated altera_irq_mapper "irq_mapper"
Info (12250): Rst_controller: "final" instantiated altera_reset_controller "rst_controller"
Info (12250): Cpu: Starting RTL generation for module 'final_nios2_gen2_0_cpu'
Info (12250): Cpu:   Generation command is [exec C:/intelFPGA_lite/18.1/quartus/bin64//eperlcmd.exe -I C:/intelFPGA_lite/18.1/quartus/bin64//perl/lib -I C:/intelfpga_lite/18.1/quartus/sopc_builder/bin/europa -I C:/intelfpga_lite/18.1/quartus/sopc_builder/bin/perl_lib -I C:/intelfpga_lite/18.1/quartus/sopc_builder/bin -I C:/intelfpga_lite/18.1/quartus/../ip/altera/nios2_ip/altera_nios2_gen2/cpu_lib -I C:/intelfpga_lite/18.1/quartus/../ip/altera/nios2_ip/altera_nios2_gen2/nios_lib -I C:/intelfpga_lite/18.1/quartus/../ip/altera/nios2_ip/altera_nios2_gen2 -I C:/intelfpga_lite/18.1/quartus/../ip/altera/nios2_ip/altera_nios2_gen2 -- C:/intelfpga_lite/18.1/quartus/../ip/altera/nios2_ip/altera_nios2_gen2/generate_rtl.epl --name=final_nios2_gen2_0_cpu --dir=C:/Users/sz_ol/AppData/Local/Temp/alt9468_8670534805548529720.dir/0015_cpu_gen/ --quartus_bindir=C:/intelFPGA_lite/18.1/quartus/bin64/ --verilog --config=C:/Users/sz_ol/AppData/Local/Temp/alt9468_8670534805548529720.dir/0015_cpu_gen//final_nios2_gen2_0_cpu_processor_configuration.pl  --do_build_sim=0  ]
Info (12250): Cpu: # 2023.04.20 20:48:34 (*) Starting Nios II generation
Info (12250): Cpu: # 2023.04.20 20:48:34 (*)   Checking for plaintext license.
Info (12250): Cpu: # 2023.04.20 20:48:34 (*)   Couldn't query license setup in Quartus directory C:/intelFPGA_lite/18.1/quartus/bin64/
Info (12250): Cpu: # 2023.04.20 20:48:34 (*)   Defaulting to contents of LM_LICENSE_FILE environment variable
Info (12250): Cpu: # 2023.04.20 20:48:34 (*)   LM_LICENSE_FILE environment variable is empty
Info (12250): Cpu: # 2023.04.20 20:48:34 (*)   Plaintext license not found.
Info (12250): Cpu: # 2023.04.20 20:48:34 (*)   No license required to generate encrypted Nios II/e.
Info (12250): Cpu: # 2023.04.20 20:48:34 (*)   Elaborating CPU configuration settings
Info (12250): Cpu: # 2023.04.20 20:48:34 (*)   Creating all objects for CPU
Info (12250): Cpu: # 2023.04.20 20:48:35 (*)   Generating RTL from CPU objects
Info (12250): Cpu: # 2023.04.20 20:48:35 (*)   Creating plain-text RTL
Info (12250): Cpu: # 2023.04.20 20:48:36 (*) Done Nios II generation
Info (12250): Cpu: Done RTL generation for module 'final_nios2_gen2_0_cpu'
Info (12250): Cpu: "nios2_gen2_0" instantiated altera_nios2_gen2_unit "cpu"
Info (12250): Nios2_gen2_0_data_master_translator: "mm_interconnect_0" instantiated altera_merlin_master_translator "nios2_gen2_0_data_master_translator"
Info (12250): Sysid_qsys_0_control_slave_translator: "mm_interconnect_0" instantiated altera_merlin_slave_translator "sysid_qsys_0_control_slave_translator"
Info (12250): Nios2_gen2_0_data_master_agent: "mm_interconnect_0" instantiated altera_merlin_master_agent "nios2_gen2_0_data_master_agent"
Info (12250): Sysid_qsys_0_control_slave_agent: "mm_interconnect_0" instantiated altera_merlin_slave_agent "sysid_qsys_0_control_slave_agent"
Info (12250): Sysid_qsys_0_control_slave_agent_rsp_fifo: "mm_interconnect_0" instantiated altera_avalon_sc_fifo "sysid_qsys_0_control_slave_agent_rsp_fifo"
Info (12250): Router: "mm_interconnect_0" instantiated altera_merlin_router "router"
Info (12250): Router_002: "mm_interconnect_0" instantiated altera_merlin_router "router_002"
Info (12250): Router_006: "mm_interconnect_0" instantiated altera_merlin_router "router_006"
Info (12250): SDRAM_s1_burst_adapter: "mm_interconnect_0" instantiated altera_merlin_burst_adapter "SDRAM_s1_burst_adapter"
Info (12250): Cmd_demux: "mm_interconnect_0" instantiated altera_merlin_demultiplexer "cmd_demux"
Info (12250): Cmd_mux: "mm_interconnect_0" instantiated altera_merlin_multiplexer "cmd_mux"
Info (12250): Rsp_demux: "mm_interconnect_0" instantiated altera_merlin_demultiplexer "rsp_demux"
Info (12250): Rsp_mux: "mm_interconnect_0" instantiated altera_merlin_multiplexer "rsp_mux"
Info (12250): Reusing file C:/Users/sz_ol/Desktop/mandukie/College/1-SP23/ECE385/1111- FINAL/Fruit-ninja-on-FPGA/db/ip/final/submodules/altera_merlin_arbitrator.sv
Info (12250): SDRAM_s1_rsp_width_adapter: "mm_interconnect_0" instantiated altera_merlin_width_adapter "SDRAM_s1_rsp_width_adapter"
Info (12250): Reusing file C:/Users/sz_ol/Desktop/mandukie/College/1-SP23/ECE385/1111- FINAL/Fruit-ninja-on-FPGA/db/ip/final/submodules/altera_merlin_address_alignment.sv
Info (12250): Reusing file C:/Users/sz_ol/Desktop/mandukie/College/1-SP23/ECE385/1111- FINAL/Fruit-ninja-on-FPGA/db/ip/final/submodules/altera_merlin_burst_uncompressor.sv
Info (12250): Crosser: "mm_interconnect_0" instantiated altera_avalon_st_handshake_clock_crosser "crosser"
Info (12250): Reusing file C:/Users/sz_ol/Desktop/mandukie/College/1-SP23/ECE385/1111- FINAL/Fruit-ninja-on-FPGA/db/ip/final/submodules/altera_avalon_st_pipeline_base.v
Info (12250): Avalon_st_adapter: "mm_interconnect_0" instantiated altera_avalon_st_adapter "avalon_st_adapter"
Info (12250): Avalon_st_adapter_004: "mm_interconnect_0" instantiated altera_avalon_st_adapter "avalon_st_adapter_004"
Info (12250): Error_adapter_0: "avalon_st_adapter" instantiated error_adapter "error_adapter_0"
Info (12250): Error_adapter_0: "avalon_st_adapter_004" instantiated error_adapter "error_adapter_0"
Info (12250): Final: Done "final" with 35 modules, 60 files
Info (12249): Finished elaborating Platform Designer system entity "final.qsys"
Info (12021): Found 1 design units, including 1 entities, in source file background/background_rom.sv
    Info (12023): Found entity 1: background_rom File: C:/Users/sz_ol/Desktop/mandukie/College/1-SP23/ECE385/1111- FINAL/Fruit-ninja-on-FPGA/background/background_rom.sv Line: 1
Info (12021): Found 1 design units, including 1 entities, in source file background/background_palette.sv
    Info (12023): Found entity 1: background_palette File: C:/Users/sz_ol/Desktop/mandukie/College/1-SP23/ECE385/1111- FINAL/Fruit-ninja-on-FPGA/background/background_palette.sv Line: 1
Info (12021): Found 1 design units, including 1 entities, in source file background/background_example.sv
    Info (12023): Found entity 1: background_example File: C:/Users/sz_ol/Desktop/mandukie/College/1-SP23/ECE385/1111- FINAL/Fruit-ninja-on-FPGA/background/background_example.sv Line: 1
Info (12021): Found 1 design units, including 1 entities, in source file apple/apple_rom.sv
    Info (12023): Found entity 1: apple_rom File: C:/Users/sz_ol/Desktop/mandukie/College/1-SP23/ECE385/1111- FINAL/Fruit-ninja-on-FPGA/apple/apple_rom.sv Line: 1
Info (12021): Found 1 design units, including 1 entities, in source file apple/apple_palette.sv
    Info (12023): Found entity 1: apple_palette File: C:/Users/sz_ol/Desktop/mandukie/College/1-SP23/ECE385/1111- FINAL/Fruit-ninja-on-FPGA/apple/apple_palette.sv Line: 1
Info (12021): Found 1 design units, including 1 entities, in source file apple/apple_example.sv
    Info (12023): Found entity 1: apple_example File: C:/Users/sz_ol/Desktop/mandukie/College/1-SP23/ECE385/1111- FINAL/Fruit-ninja-on-FPGA/apple/apple_example.sv Line: 1
Warning (10463): Verilog HDL Declaration warning at final.v(6): "final" is SystemVerilog-2005 keyword File: C:/Users/sz_ol/Desktop/mandukie/College/1-SP23/ECE385/1111- FINAL/Fruit-ninja-on-FPGA/final/synthesis/final.v Line: 6
Info (12021): Found 1 design units, including 1 entities, in source file final/synthesis/final.v
    Info (12023): Found entity 1: final File: C:/Users/sz_ol/Desktop/mandukie/College/1-SP23/ECE385/1111- FINAL/Fruit-ninja-on-FPGA/final/synthesis/final.v Line: 6
Info (12021): Found 1 design units, including 1 entities, in source file final/synthesis/submodules/altera_reset_controller.v
    Info (12023): Found entity 1: altera_reset_controller File: C:/Users/sz_ol/Desktop/mandukie/College/1-SP23/ECE385/1111- FINAL/Fruit-ninja-on-FPGA/final/synthesis/submodules/altera_reset_controller.v Line: 42
Info (12021): Found 1 design units, including 1 entities, in source file final/synthesis/submodules/altera_reset_synchronizer.v
    Info (12023): Found entity 1: altera_reset_synchronizer File: C:/Users/sz_ol/Desktop/mandukie/College/1-SP23/ECE385/1111- FINAL/Fruit-ninja-on-FPGA/final/synthesis/submodules/altera_reset_synchronizer.v Line: 24
Info (12021): Found 1 design units, including 1 entities, in source file final/synthesis/submodules/final_irq_mapper.sv
    Info (12023): Found entity 1: final_irq_mapper File: C:/Users/sz_ol/Desktop/mandukie/College/1-SP23/ECE385/1111- FINAL/Fruit-ninja-on-FPGA/final/synthesis/submodules/final_irq_mapper.sv Line: 31
Info (12021): Found 1 design units, including 1 entities, in source file final/synthesis/submodules/final_mm_interconnect_0.v
    Info (12023): Found entity 1: final_mm_interconnect_0 File: C:/Users/sz_ol/Desktop/mandukie/College/1-SP23/ECE385/1111- FINAL/Fruit-ninja-on-FPGA/final/synthesis/submodules/final_mm_interconnect_0.v Line: 9
Info (12021): Found 1 design units, including 1 entities, in source file final/synthesis/submodules/final_mm_interconnect_0_avalon_st_adapter_004.v
    Info (12023): Found entity 1: final_mm_interconnect_0_avalon_st_adapter_004 File: C:/Users/sz_ol/Desktop/mandukie/College/1-SP23/ECE385/1111- FINAL/Fruit-ninja-on-FPGA/final/synthesis/submodules/final_mm_interconnect_0_avalon_st_adapter_004.v Line: 9
Info (12021): Found 1 design units, including 1 entities, in source file final/synthesis/submodules/final_mm_interconnect_0_avalon_st_adapter_004_error_adapter_0.sv
    Info (12023): Found entity 1: final_mm_interconnect_0_avalon_st_adapter_004_error_adapter_0 File: C:/Users/sz_ol/Desktop/mandukie/College/1-SP23/ECE385/1111- FINAL/Fruit-ninja-on-FPGA/final/synthesis/submodules/final_mm_interconnect_0_avalon_st_adapter_004_error_adapter_0.sv Line: 66
Info (12021): Found 1 design units, including 1 entities, in source file final/synthesis/submodules/final_mm_interconnect_0_avalon_st_adapter.v
    Info (12023): Found entity 1: final_mm_interconnect_0_avalon_st_adapter File: C:/Users/sz_ol/Desktop/mandukie/College/1-SP23/ECE385/1111- FINAL/Fruit-ninja-on-FPGA/final/synthesis/submodules/final_mm_interconnect_0_avalon_st_adapter.v Line: 9
Info (12021): Found 1 design units, including 1 entities, in source file final/synthesis/submodules/final_mm_interconnect_0_avalon_st_adapter_error_adapter_0.sv
    Info (12023): Found entity 1: final_mm_interconnect_0_avalon_st_adapter_error_adapter_0 File: C:/Users/sz_ol/Desktop/mandukie/College/1-SP23/ECE385/1111- FINAL/Fruit-ninja-on-FPGA/final/synthesis/submodules/final_mm_interconnect_0_avalon_st_adapter_error_adapter_0.sv Line: 66
Info (12021): Found 1 design units, including 1 entities, in source file final/synthesis/submodules/altera_avalon_st_handshake_clock_crosser.v
    Info (12023): Found entity 1: altera_avalon_st_handshake_clock_crosser File: C:/Users/sz_ol/Desktop/mandukie/College/1-SP23/ECE385/1111- FINAL/Fruit-ninja-on-FPGA/final/synthesis/submodules/altera_avalon_st_handshake_clock_crosser.v Line: 24
Info (12021): Found 1 design units, including 1 entities, in source file final/synthesis/submodules/altera_avalon_st_clock_crosser.v
    Info (12023): Found entity 1: altera_avalon_st_clock_crosser File: C:/Users/sz_ol/Desktop/mandukie/College/1-SP23/ECE385/1111- FINAL/Fruit-ninja-on-FPGA/final/synthesis/submodules/altera_avalon_st_clock_crosser.v Line: 22
Info (12021): Found 1 design units, including 1 entities, in source file final/synthesis/submodules/altera_avalon_st_pipeline_base.v
    Info (12023): Found entity 1: altera_avalon_st_pipeline_base File: C:/Users/sz_ol/Desktop/mandukie/College/1-SP23/ECE385/1111- FINAL/Fruit-ninja-on-FPGA/final/synthesis/submodules/altera_avalon_st_pipeline_base.v Line: 22
Info (12021): Found 1 design units, including 1 entities, in source file final/synthesis/submodules/altera_std_synchronizer_nocut.v
    Info (12023): Found entity 1: altera_std_synchronizer_nocut File: C:/Users/sz_ol/Desktop/mandukie/College/1-SP23/ECE385/1111- FINAL/Fruit-ninja-on-FPGA/final/synthesis/submodules/altera_std_synchronizer_nocut.v Line: 44
Info (12021): Found 1 design units, including 1 entities, in source file final/synthesis/submodules/altera_merlin_width_adapter.sv
    Info (12023): Found entity 1: altera_merlin_width_adapter File: C:/Users/sz_ol/Desktop/mandukie/College/1-SP23/ECE385/1111- FINAL/Fruit-ninja-on-FPGA/final/synthesis/submodules/altera_merlin_width_adapter.sv Line: 25
Info (12021): Found 1 design units, including 1 entities, in source file final/synthesis/submodules/altera_merlin_address_alignment.sv
    Info (12023): Found entity 1: altera_merlin_address_alignment File: C:/Users/sz_ol/Desktop/mandukie/College/1-SP23/ECE385/1111- FINAL/Fruit-ninja-on-FPGA/final/synthesis/submodules/altera_merlin_address_alignment.sv Line: 26
Info (12021): Found 1 design units, including 1 entities, in source file final/synthesis/submodules/altera_merlin_burst_uncompressor.sv
    Info (12023): Found entity 1: altera_merlin_burst_uncompressor File: C:/Users/sz_ol/Desktop/mandukie/College/1-SP23/ECE385/1111- FINAL/Fruit-ninja-on-FPGA/final/synthesis/submodules/altera_merlin_burst_uncompressor.sv Line: 40
Info (12021): Found 1 design units, including 1 entities, in source file final/synthesis/submodules/final_mm_interconnect_0_rsp_mux.sv
    Info (12023): Found entity 1: final_mm_interconnect_0_rsp_mux File: C:/Users/sz_ol/Desktop/mandukie/College/1-SP23/ECE385/1111- FINAL/Fruit-ninja-on-FPGA/final/synthesis/submodules/final_mm_interconnect_0_rsp_mux.sv Line: 51
Info (12021): Found 2 design units, including 2 entities, in source file final/synthesis/submodules/altera_merlin_arbitrator.sv
    Info (12023): Found entity 1: altera_merlin_arbitrator File: C:/Users/sz_ol/Desktop/mandukie/College/1-SP23/ECE385/1111- FINAL/Fruit-ninja-on-FPGA/final/synthesis/submodules/altera_merlin_arbitrator.sv Line: 103
    Info (12023): Found entity 2: altera_merlin_arb_adder File: C:/Users/sz_ol/Desktop/mandukie/College/1-SP23/ECE385/1111- FINAL/Fruit-ninja-on-FPGA/final/synthesis/submodules/altera_merlin_arbitrator.sv Line: 228
Info (12021): Found 1 design units, including 1 entities, in source file final/synthesis/submodules/final_mm_interconnect_0_rsp_demux.sv
    Info (12023): Found entity 1: final_mm_interconnect_0_rsp_demux File: C:/Users/sz_ol/Desktop/mandukie/College/1-SP23/ECE385/1111- FINAL/Fruit-ninja-on-FPGA/final/synthesis/submodules/final_mm_interconnect_0_rsp_demux.sv Line: 43
Info (12021): Found 1 design units, including 1 entities, in source file final/synthesis/submodules/final_mm_interconnect_0_cmd_mux.sv
    Info (12023): Found entity 1: final_mm_interconnect_0_cmd_mux File: C:/Users/sz_ol/Desktop/mandukie/College/1-SP23/ECE385/1111- FINAL/Fruit-ninja-on-FPGA/final/synthesis/submodules/final_mm_interconnect_0_cmd_mux.sv Line: 51
Info (12021): Found 1 design units, including 1 entities, in source file final/synthesis/submodules/final_mm_interconnect_0_cmd_demux.sv
    Info (12023): Found entity 1: final_mm_interconnect_0_cmd_demux File: C:/Users/sz_ol/Desktop/mandukie/College/1-SP23/ECE385/1111- FINAL/Fruit-ninja-on-FPGA/final/synthesis/submodules/final_mm_interconnect_0_cmd_demux.sv Line: 43
Info (12021): Found 1 design units, including 1 entities, in source file final/synthesis/submodules/altera_merlin_burst_adapter.sv
    Info (12023): Found entity 1: altera_merlin_burst_adapter File: C:/Users/sz_ol/Desktop/mandukie/College/1-SP23/ECE385/1111- FINAL/Fruit-ninja-on-FPGA/final/synthesis/submodules/altera_merlin_burst_adapter.sv Line: 21
Info (12021): Found 1 design units, including 1 entities, in source file final/synthesis/submodules/altera_merlin_burst_adapter_uncmpr.sv
    Info (12023): Found entity 1: altera_merlin_burst_adapter_uncompressed_only File: C:/Users/sz_ol/Desktop/mandukie/College/1-SP23/ECE385/1111- FINAL/Fruit-ninja-on-FPGA/final/synthesis/submodules/altera_merlin_burst_adapter_uncmpr.sv Line: 39
Info (12021): Found 5 design units, including 5 entities, in source file final/synthesis/submodules/altera_merlin_burst_adapter_13_1.sv
    Info (12023): Found entity 1: altera_merlin_burst_adapter_burstwrap_increment File: C:/Users/sz_ol/Desktop/mandukie/College/1-SP23/ECE385/1111- FINAL/Fruit-ninja-on-FPGA/final/synthesis/submodules/altera_merlin_burst_adapter_13_1.sv Line: 40
    Info (12023): Found entity 2: altera_merlin_burst_adapter_adder File: C:/Users/sz_ol/Desktop/mandukie/College/1-SP23/ECE385/1111- FINAL/Fruit-ninja-on-FPGA/final/synthesis/submodules/altera_merlin_burst_adapter_13_1.sv Line: 55
    Info (12023): Found entity 3: altera_merlin_burst_adapter_subtractor File: C:/Users/sz_ol/Desktop/mandukie/College/1-SP23/ECE385/1111- FINAL/Fruit-ninja-on-FPGA/final/synthesis/submodules/altera_merlin_burst_adapter_13_1.sv Line: 77
    Info (12023): Found entity 4: altera_merlin_burst_adapter_min File: C:/Users/sz_ol/Desktop/mandukie/College/1-SP23/ECE385/1111- FINAL/Fruit-ninja-on-FPGA/final/synthesis/submodules/altera_merlin_burst_adapter_13_1.sv Line: 98
    Info (12023): Found entity 5: altera_merlin_burst_adapter_13_1 File: C:/Users/sz_ol/Desktop/mandukie/College/1-SP23/ECE385/1111- FINAL/Fruit-ninja-on-FPGA/final/synthesis/submodules/altera_merlin_burst_adapter_13_1.sv Line: 264
Info (12021): Found 1 design units, including 1 entities, in source file final/synthesis/submodules/altera_merlin_burst_adapter_new.sv
    Info (12023): Found entity 1: altera_merlin_burst_adapter_new File: C:/Users/sz_ol/Desktop/mandukie/College/1-SP23/ECE385/1111- FINAL/Fruit-ninja-on-FPGA/final/synthesis/submodules/altera_merlin_burst_adapter_new.sv Line: 25
Info (12021): Found 1 design units, including 1 entities, in source file final/synthesis/submodules/altera_incr_burst_converter.sv
    Info (12023): Found entity 1: altera_incr_burst_converter File: C:/Users/sz_ol/Desktop/mandukie/College/1-SP23/ECE385/1111- FINAL/Fruit-ninja-on-FPGA/final/synthesis/submodules/altera_incr_burst_converter.sv Line: 28
Info (12021): Found 1 design units, including 1 entities, in source file final/synthesis/submodules/altera_wrap_burst_converter.sv
    Info (12023): Found entity 1: altera_wrap_burst_converter File: C:/Users/sz_ol/Desktop/mandukie/College/1-SP23/ECE385/1111- FINAL/Fruit-ninja-on-FPGA/final/synthesis/submodules/altera_wrap_burst_converter.sv Line: 27
Info (12021): Found 1 design units, including 1 entities, in source file final/synthesis/submodules/altera_default_burst_converter.sv
    Info (12023): Found entity 1: altera_default_burst_converter File: C:/Users/sz_ol/Desktop/mandukie/College/1-SP23/ECE385/1111- FINAL/Fruit-ninja-on-FPGA/final/synthesis/submodules/altera_default_burst_converter.sv Line: 30
Info (12021): Found 1 design units, including 1 entities, in source file final/synthesis/submodules/altera_avalon_st_pipeline_stage.sv
    Info (12023): Found entity 1: altera_avalon_st_pipeline_stage File: C:/Users/sz_ol/Desktop/mandukie/College/1-SP23/ECE385/1111- FINAL/Fruit-ninja-on-FPGA/final/synthesis/submodules/altera_avalon_st_pipeline_stage.sv Line: 22
Info (12021): Found 2 design units, including 2 entities, in source file final/synthesis/submodules/final_mm_interconnect_0_router_006.sv
    Info (12023): Found entity 1: final_mm_interconnect_0_router_006_default_decode File: C:/Users/sz_ol/Desktop/mandukie/College/1-SP23/ECE385/1111- FINAL/Fruit-ninja-on-FPGA/final/synthesis/submodules/final_mm_interconnect_0_router_006.sv Line: 45
    Info (12023): Found entity 2: final_mm_interconnect_0_router_006 File: C:/Users/sz_ol/Desktop/mandukie/College/1-SP23/ECE385/1111- FINAL/Fruit-ninja-on-FPGA/final/synthesis/submodules/final_mm_interconnect_0_router_006.sv Line: 84
Info (12021): Found 2 design units, including 2 entities, in source file final/synthesis/submodules/final_mm_interconnect_0_router_002.sv
    Info (12023): Found entity 1: final_mm_interconnect_0_router_002_default_decode File: C:/Users/sz_ol/Desktop/mandukie/College/1-SP23/ECE385/1111- FINAL/Fruit-ninja-on-FPGA/final/synthesis/submodules/final_mm_interconnect_0_router_002.sv Line: 45
    Info (12023): Found entity 2: final_mm_interconnect_0_router_002 File: C:/Users/sz_ol/Desktop/mandukie/College/1-SP23/ECE385/1111- FINAL/Fruit-ninja-on-FPGA/final/synthesis/submodules/final_mm_interconnect_0_router_002.sv Line: 84
Info (12021): Found 2 design units, including 2 entities, in source file final/synthesis/submodules/final_mm_interconnect_0_router.sv
    Info (12023): Found entity 1: final_mm_interconnect_0_router_default_decode File: C:/Users/sz_ol/Desktop/mandukie/College/1-SP23/ECE385/1111- FINAL/Fruit-ninja-on-FPGA/final/synthesis/submodules/final_mm_interconnect_0_router.sv Line: 45
    Info (12023): Found entity 2: final_mm_interconnect_0_router File: C:/Users/sz_ol/Desktop/mandukie/College/1-SP23/ECE385/1111- FINAL/Fruit-ninja-on-FPGA/final/synthesis/submodules/final_mm_interconnect_0_router.sv Line: 84
Info (12021): Found 1 design units, including 1 entities, in source file final/synthesis/submodules/altera_avalon_sc_fifo.v
    Info (12023): Found entity 1: altera_avalon_sc_fifo File: C:/Users/sz_ol/Desktop/mandukie/College/1-SP23/ECE385/1111- FINAL/Fruit-ninja-on-FPGA/final/synthesis/submodules/altera_avalon_sc_fifo.v Line: 21
Info (12021): Found 1 design units, including 1 entities, in source file final/synthesis/submodules/altera_merlin_slave_agent.sv
    Info (12023): Found entity 1: altera_merlin_slave_agent File: C:/Users/sz_ol/Desktop/mandukie/College/1-SP23/ECE385/1111- FINAL/Fruit-ninja-on-FPGA/final/synthesis/submodules/altera_merlin_slave_agent.sv Line: 34
Info (12021): Found 1 design units, including 1 entities, in source file final/synthesis/submodules/altera_merlin_master_agent.sv
    Info (12023): Found entity 1: altera_merlin_master_agent File: C:/Users/sz_ol/Desktop/mandukie/College/1-SP23/ECE385/1111- FINAL/Fruit-ninja-on-FPGA/final/synthesis/submodules/altera_merlin_master_agent.sv Line: 28
Info (12021): Found 1 design units, including 1 entities, in source file final/synthesis/submodules/altera_merlin_slave_translator.sv
    Info (12023): Found entity 1: altera_merlin_slave_translator File: C:/Users/sz_ol/Desktop/mandukie/College/1-SP23/ECE385/1111- FINAL/Fruit-ninja-on-FPGA/final/synthesis/submodules/altera_merlin_slave_translator.sv Line: 35
Info (12021): Found 1 design units, including 1 entities, in source file final/synthesis/submodules/altera_merlin_master_translator.sv
    Info (12023): Found entity 1: altera_merlin_master_translator File: C:/Users/sz_ol/Desktop/mandukie/College/1-SP23/ECE385/1111- FINAL/Fruit-ninja-on-FPGA/final/synthesis/submodules/altera_merlin_master_translator.sv Line: 32
Info (12021): Found 1 design units, including 1 entities, in source file final/synthesis/submodules/final_usb_rst.v
    Info (12023): Found entity 1: final_usb_rst File: C:/Users/sz_ol/Desktop/mandukie/College/1-SP23/ECE385/1111- FINAL/Fruit-ninja-on-FPGA/final/synthesis/submodules/final_usb_rst.v Line: 21
Info (12021): Found 1 design units, including 1 entities, in source file final/synthesis/submodules/final_timer_0.v
    Info (12023): Found entity 1: final_timer_0 File: C:/Users/sz_ol/Desktop/mandukie/College/1-SP23/ECE385/1111- FINAL/Fruit-ninja-on-FPGA/final/synthesis/submodules/final_timer_0.v Line: 21
Info (12021): Found 1 design units, including 1 entities, in source file final/synthesis/submodules/final_sysid_qsys_0.v
    Info (12023): Found entity 1: final_sysid_qsys_0 File: C:/Users/sz_ol/Desktop/mandukie/College/1-SP23/ECE385/1111- FINAL/Fruit-ninja-on-FPGA/final/synthesis/submodules/final_sysid_qsys_0.v Line: 34
Info (12021): Found 1 design units, including 1 entities, in source file final/synthesis/submodules/final_spi_0.v
    Info (12023): Found entity 1: final_spi_0 File: C:/Users/sz_ol/Desktop/mandukie/College/1-SP23/ECE385/1111- FINAL/Fruit-ninja-on-FPGA/final/synthesis/submodules/final_spi_0.v Line: 41
Info (12021): Found 4 design units, including 4 entities, in source file final/synthesis/submodules/final_sdram_pll.v
    Info (12023): Found entity 1: final_sdram_pll_dffpipe_l2c File: C:/Users/sz_ol/Desktop/mandukie/College/1-SP23/ECE385/1111- FINAL/Fruit-ninja-on-FPGA/final/synthesis/submodules/final_sdram_pll.v Line: 37
    Info (12023): Found entity 2: final_sdram_pll_stdsync_sv6 File: C:/Users/sz_ol/Desktop/mandukie/College/1-SP23/ECE385/1111- FINAL/Fruit-ninja-on-FPGA/final/synthesis/submodules/final_sdram_pll.v Line: 98
    Info (12023): Found entity 3: final_sdram_pll_altpll_vg92 File: C:/Users/sz_ol/Desktop/mandukie/College/1-SP23/ECE385/1111- FINAL/Fruit-ninja-on-FPGA/final/synthesis/submodules/final_sdram_pll.v Line: 130
    Info (12023): Found entity 4: final_sdram_pll File: C:/Users/sz_ol/Desktop/mandukie/College/1-SP23/ECE385/1111- FINAL/Fruit-ninja-on-FPGA/final/synthesis/submodules/final_sdram_pll.v Line: 217
Info (12021): Found 1 design units, including 1 entities, in source file final/synthesis/submodules/final_onchip_memory2_0.v
    Info (12023): Found entity 1: final_onchip_memory2_0 File: C:/Users/sz_ol/Desktop/mandukie/College/1-SP23/ECE385/1111- FINAL/Fruit-ninja-on-FPGA/final/synthesis/submodules/final_onchip_memory2_0.v Line: 21
Info (12021): Found 1 design units, including 1 entities, in source file final/synthesis/submodules/final_nios2_gen2_0.v
    Info (12023): Found entity 1: final_nios2_gen2_0 File: C:/Users/sz_ol/Desktop/mandukie/College/1-SP23/ECE385/1111- FINAL/Fruit-ninja-on-FPGA/final/synthesis/submodules/final_nios2_gen2_0.v Line: 9
Info (12021): Found 21 design units, including 21 entities, in source file final/synthesis/submodules/final_nios2_gen2_0_cpu.v
    Info (12023): Found entity 1: final_nios2_gen2_0_cpu_register_bank_a_module File: C:/Users/sz_ol/Desktop/mandukie/College/1-SP23/ECE385/1111- FINAL/Fruit-ninja-on-FPGA/final/synthesis/submodules/final_nios2_gen2_0_cpu.v Line: 21
    Info (12023): Found entity 2: final_nios2_gen2_0_cpu_register_bank_b_module File: C:/Users/sz_ol/Desktop/mandukie/College/1-SP23/ECE385/1111- FINAL/Fruit-ninja-on-FPGA/final/synthesis/submodules/final_nios2_gen2_0_cpu.v Line: 87
    Info (12023): Found entity 3: final_nios2_gen2_0_cpu_nios2_oci_debug File: C:/Users/sz_ol/Desktop/mandukie/College/1-SP23/ECE385/1111- FINAL/Fruit-ninja-on-FPGA/final/synthesis/submodules/final_nios2_gen2_0_cpu.v Line: 153
    Info (12023): Found entity 4: final_nios2_gen2_0_cpu_nios2_oci_break File: C:/Users/sz_ol/Desktop/mandukie/College/1-SP23/ECE385/1111- FINAL/Fruit-ninja-on-FPGA/final/synthesis/submodules/final_nios2_gen2_0_cpu.v Line: 295
    Info (12023): Found entity 5: final_nios2_gen2_0_cpu_nios2_oci_xbrk File: C:/Users/sz_ol/Desktop/mandukie/College/1-SP23/ECE385/1111- FINAL/Fruit-ninja-on-FPGA/final/synthesis/submodules/final_nios2_gen2_0_cpu.v Line: 588
    Info (12023): Found entity 6: final_nios2_gen2_0_cpu_nios2_oci_dbrk File: C:/Users/sz_ol/Desktop/mandukie/College/1-SP23/ECE385/1111- FINAL/Fruit-ninja-on-FPGA/final/synthesis/submodules/final_nios2_gen2_0_cpu.v Line: 795
    Info (12023): Found entity 7: final_nios2_gen2_0_cpu_nios2_oci_itrace File: C:/Users/sz_ol/Desktop/mandukie/College/1-SP23/ECE385/1111- FINAL/Fruit-ninja-on-FPGA/final/synthesis/submodules/final_nios2_gen2_0_cpu.v Line: 982
    Info (12023): Found entity 8: final_nios2_gen2_0_cpu_nios2_oci_td_mode File: C:/Users/sz_ol/Desktop/mandukie/College/1-SP23/ECE385/1111- FINAL/Fruit-ninja-on-FPGA/final/synthesis/submodules/final_nios2_gen2_0_cpu.v Line: 1115
    Info (12023): Found entity 9: final_nios2_gen2_0_cpu_nios2_oci_dtrace File: C:/Users/sz_ol/Desktop/mandukie/College/1-SP23/ECE385/1111- FINAL/Fruit-ninja-on-FPGA/final/synthesis/submodules/final_nios2_gen2_0_cpu.v Line: 1183
    Info (12023): Found entity 10: final_nios2_gen2_0_cpu_nios2_oci_compute_input_tm_cnt File: C:/Users/sz_ol/Desktop/mandukie/College/1-SP23/ECE385/1111- FINAL/Fruit-ninja-on-FPGA/final/synthesis/submodules/final_nios2_gen2_0_cpu.v Line: 1265
    Info (12023): Found entity 11: final_nios2_gen2_0_cpu_nios2_oci_fifo_wrptr_inc File: C:/Users/sz_ol/Desktop/mandukie/College/1-SP23/ECE385/1111- FINAL/Fruit-ninja-on-FPGA/final/synthesis/submodules/final_nios2_gen2_0_cpu.v Line: 1337
    Info (12023): Found entity 12: final_nios2_gen2_0_cpu_nios2_oci_fifo_cnt_inc File: C:/Users/sz_ol/Desktop/mandukie/College/1-SP23/ECE385/1111- FINAL/Fruit-ninja-on-FPGA/final/synthesis/submodules/final_nios2_gen2_0_cpu.v Line: 1380
    Info (12023): Found entity 13: final_nios2_gen2_0_cpu_nios2_oci_fifo File: C:/Users/sz_ol/Desktop/mandukie/College/1-SP23/ECE385/1111- FINAL/Fruit-ninja-on-FPGA/final/synthesis/submodules/final_nios2_gen2_0_cpu.v Line: 1427
    Info (12023): Found entity 14: final_nios2_gen2_0_cpu_nios2_oci_pib File: C:/Users/sz_ol/Desktop/mandukie/College/1-SP23/ECE385/1111- FINAL/Fruit-ninja-on-FPGA/final/synthesis/submodules/final_nios2_gen2_0_cpu.v Line: 1913
    Info (12023): Found entity 15: final_nios2_gen2_0_cpu_nios2_oci_im File: C:/Users/sz_ol/Desktop/mandukie/College/1-SP23/ECE385/1111- FINAL/Fruit-ninja-on-FPGA/final/synthesis/submodules/final_nios2_gen2_0_cpu.v Line: 1936
    Info (12023): Found entity 16: final_nios2_gen2_0_cpu_nios2_performance_monitors File: C:/Users/sz_ol/Desktop/mandukie/College/1-SP23/ECE385/1111- FINAL/Fruit-ninja-on-FPGA/final/synthesis/submodules/final_nios2_gen2_0_cpu.v Line: 2006
    Info (12023): Found entity 17: final_nios2_gen2_0_cpu_nios2_avalon_reg File: C:/Users/sz_ol/Desktop/mandukie/College/1-SP23/ECE385/1111- FINAL/Fruit-ninja-on-FPGA/final/synthesis/submodules/final_nios2_gen2_0_cpu.v Line: 2023
    Info (12023): Found entity 18: final_nios2_gen2_0_cpu_ociram_sp_ram_module File: C:/Users/sz_ol/Desktop/mandukie/College/1-SP23/ECE385/1111- FINAL/Fruit-ninja-on-FPGA/final/synthesis/submodules/final_nios2_gen2_0_cpu.v Line: 2116
    Info (12023): Found entity 19: final_nios2_gen2_0_cpu_nios2_ocimem File: C:/Users/sz_ol/Desktop/mandukie/College/1-SP23/ECE385/1111- FINAL/Fruit-ninja-on-FPGA/final/synthesis/submodules/final_nios2_gen2_0_cpu.v Line: 2181
    Info (12023): Found entity 20: final_nios2_gen2_0_cpu_nios2_oci File: C:/Users/sz_ol/Desktop/mandukie/College/1-SP23/ECE385/1111- FINAL/Fruit-ninja-on-FPGA/final/synthesis/submodules/final_nios2_gen2_0_cpu.v Line: 2362
    Info (12023): Found entity 21: final_nios2_gen2_0_cpu File: C:/Users/sz_ol/Desktop/mandukie/College/1-SP23/ECE385/1111- FINAL/Fruit-ninja-on-FPGA/final/synthesis/submodules/final_nios2_gen2_0_cpu.v Line: 2834
Info (12021): Found 1 design units, including 1 entities, in source file final/synthesis/submodules/final_nios2_gen2_0_cpu_debug_slave_sysclk.v
    Info (12023): Found entity 1: final_nios2_gen2_0_cpu_debug_slave_sysclk File: C:/Users/sz_ol/Desktop/mandukie/College/1-SP23/ECE385/1111- FINAL/Fruit-ninja-on-FPGA/final/synthesis/submodules/final_nios2_gen2_0_cpu_debug_slave_sysclk.v Line: 21
Info (12021): Found 1 design units, including 1 entities, in source file final/synthesis/submodules/final_nios2_gen2_0_cpu_debug_slave_tck.v
    Info (12023): Found entity 1: final_nios2_gen2_0_cpu_debug_slave_tck File: C:/Users/sz_ol/Desktop/mandukie/College/1-SP23/ECE385/1111- FINAL/Fruit-ninja-on-FPGA/final/synthesis/submodules/final_nios2_gen2_0_cpu_debug_slave_tck.v Line: 21
Info (12021): Found 1 design units, including 1 entities, in source file final/synthesis/submodules/final_nios2_gen2_0_cpu_debug_slave_wrapper.v
    Info (12023): Found entity 1: final_nios2_gen2_0_cpu_debug_slave_wrapper File: C:/Users/sz_ol/Desktop/mandukie/College/1-SP23/ECE385/1111- FINAL/Fruit-ninja-on-FPGA/final/synthesis/submodules/final_nios2_gen2_0_cpu_debug_slave_wrapper.v Line: 21
Info (12021): Found 1 design units, including 1 entities, in source file final/synthesis/submodules/final_nios2_gen2_0_cpu_test_bench.v
    Info (12023): Found entity 1: final_nios2_gen2_0_cpu_test_bench File: C:/Users/sz_ol/Desktop/mandukie/College/1-SP23/ECE385/1111- FINAL/Fruit-ninja-on-FPGA/final/synthesis/submodules/final_nios2_gen2_0_cpu_test_bench.v Line: 21
Info (12021): Found 1 design units, including 1 entities, in source file final/synthesis/submodules/final_keycode.v
    Info (12023): Found entity 1: final_keycode File: C:/Users/sz_ol/Desktop/mandukie/College/1-SP23/ECE385/1111- FINAL/Fruit-ninja-on-FPGA/final/synthesis/submodules/final_keycode.v Line: 21
Info (12021): Found 1 design units, including 1 entities, in source file final/synthesis/submodules/final_hex_digits_pio.v
    Info (12023): Found entity 1: final_hex_digits_pio File: C:/Users/sz_ol/Desktop/mandukie/College/1-SP23/ECE385/1111- FINAL/Fruit-ninja-on-FPGA/final/synthesis/submodules/final_hex_digits_pio.v Line: 21
Info (12021): Found 2 design units, including 2 entities, in source file final/synthesis/submodules/final_sdram.v
    Info (12023): Found entity 1: final_SDRAM_input_efifo_module File: C:/Users/sz_ol/Desktop/mandukie/College/1-SP23/ECE385/1111- FINAL/Fruit-ninja-on-FPGA/final/synthesis/submodules/final_SDRAM.v Line: 21
    Info (12023): Found entity 2: final_SDRAM File: C:/Users/sz_ol/Desktop/mandukie/College/1-SP23/ECE385/1111- FINAL/Fruit-ninja-on-FPGA/final/synthesis/submodules/final_SDRAM.v Line: 159
Info (12021): Found 1 design units, including 1 entities, in source file final/synthesis/submodules/final_reset.v
    Info (12023): Found entity 1: final_RESET File: C:/Users/sz_ol/Desktop/mandukie/College/1-SP23/ECE385/1111- FINAL/Fruit-ninja-on-FPGA/final/synthesis/submodules/final_RESET.v Line: 21
Info (12021): Found 1 design units, including 1 entities, in source file color_mapper.sv
    Info (12023): Found entity 1: color_mapper File: C:/Users/sz_ol/Desktop/mandukie/College/1-SP23/ECE385/1111- FINAL/Fruit-ninja-on-FPGA/Color_Mapper.sv Line: 16
Info (12021): Found 1 design units, including 1 entities, in source file vga_controller.sv
    Info (12023): Found entity 1: vga_controller File: C:/Users/sz_ol/Desktop/mandukie/College/1-SP23/ECE385/1111- FINAL/Fruit-ninja-on-FPGA/VGA_controller.sv Line: 25
Info (12021): Found 1 design units, including 1 entities, in source file hexdriver.sv
    Info (12023): Found entity 1: HexDriver File: C:/Users/sz_ol/Desktop/mandukie/College/1-SP23/ECE385/1111- FINAL/Fruit-ninja-on-FPGA/hexdriver.sv Line: 1
Info (12021): Found 1 design units, including 1 entities, in source file font_rom.sv
    Info (12023): Found entity 1: font_rom File: C:/Users/sz_ol/Desktop/mandukie/College/1-SP23/ECE385/1111- FINAL/Fruit-ninja-on-FPGA/font_rom.sv Line: 1
Info (12021): Found 1 design units, including 1 entities, in source file top.sv
    Info (12023): Found entity 1: top File: C:/Users/sz_ol/Desktop/mandukie/College/1-SP23/ECE385/1111- FINAL/Fruit-ninja-on-FPGA/top.sv Line: 1
Error (10170): Verilog HDL syntax error at fruit.sv(40) near text: "=";  expecting "++", or "--". Check for and fix any syntax errors that appear immediately before or at the specified keyword. The Intel FPGA Knowledge Database contains many articles with specific details on how to resolve this error. Visit the Knowledge Database at https://www.altera.com/support/support-resources/knowledge-base/search.html and search for this specific error message number. File: C:/Users/sz_ol/Desktop/mandukie/College/1-SP23/ECE385/1111- FINAL/Fruit-ninja-on-FPGA/fruit.sv Line: 40
Error (10170): Verilog HDL syntax error at fruit.sv(42) near text: "end";  expecting ";". Check for and fix any syntax errors that appear immediately before or at the specified keyword. The Intel FPGA Knowledge Database contains many articles with specific details on how to resolve this error. Visit the Knowledge Database at https://www.altera.com/support/support-resources/knowledge-base/search.html and search for this specific error message number. File: C:/Users/sz_ol/Desktop/mandukie/College/1-SP23/ECE385/1111- FINAL/Fruit-ninja-on-FPGA/fruit.sv Line: 42
Error (10170): Verilog HDL syntax error at fruit.sv(107) near text: "end"; "end" without "begin" . Check for and fix any syntax errors that appear immediately before or at the specified keyword. The Intel FPGA Knowledge Database contains many articles with specific details on how to resolve this error. Visit the Knowledge Database at https://www.altera.com/support/support-resources/knowledge-base/search.html and search for this specific error message number. File: C:/Users/sz_ol/Desktop/mandukie/College/1-SP23/ECE385/1111- FINAL/Fruit-ninja-on-FPGA/fruit.sv Line: 107
Error (10112): Ignored design unit "fruit" at fruit.sv(2) due to previous errors File: C:/Users/sz_ol/Desktop/mandukie/College/1-SP23/ECE385/1111- FINAL/Fruit-ninja-on-FPGA/fruit.sv Line: 2
Info (12021): Found 0 design units, including 0 entities, in source file fruit.sv
Info (15248): File "c:/users/sz_ol/desktop/mandukie/college/1-sp23/ece385/1111- final/fruit-ninja-on-fpga/db/ip/final/final.v" is a duplicate of already analyzed file "C:/Users/sz_ol/Desktop/mandukie/College/1-SP23/ECE385/1111- FINAL/Fruit-ninja-on-FPGA/final/synthesis/final.v" (same filename, same library name and same md5 digest). Skipping analysis of this file.
Info (12021): Found 0 design units, including 0 entities, in source file db/ip/final/final.v
Info (15248): File "c:/users/sz_ol/desktop/mandukie/college/1-sp23/ece385/1111- final/fruit-ninja-on-fpga/db/ip/final/submodules/altera_avalon_sc_fifo.v" is a duplicate of already analyzed file "C:/Users/sz_ol/Desktop/mandukie/College/1-SP23/ECE385/1111- FINAL/Fruit-ninja-on-FPGA/final/synthesis/submodules/altera_avalon_sc_fifo.v" (same filename, same library name and same md5 digest). Skipping analysis of this file.
Info (12021): Found 0 design units, including 0 entities, in source file db/ip/final/submodules/altera_avalon_sc_fifo.v
Info (15248): File "c:/users/sz_ol/desktop/mandukie/college/1-sp23/ece385/1111- final/fruit-ninja-on-fpga/db/ip/final/submodules/altera_avalon_st_clock_crosser.v" is a duplicate of already analyzed file "C:/Users/sz_ol/Desktop/mandukie/College/1-SP23/ECE385/1111- FINAL/Fruit-ninja-on-FPGA/final/synthesis/submodules/altera_avalon_st_clock_crosser.v" (same filename, same library name and same md5 digest). Skipping analysis of this file.
Info (12021): Found 0 design units, including 0 entities, in source file db/ip/final/submodules/altera_avalon_st_clock_crosser.v
Info (15248): File "c:/users/sz_ol/desktop/mandukie/college/1-sp23/ece385/1111- final/fruit-ninja-on-fpga/db/ip/final/submodules/altera_avalon_st_handshake_clock_crosser.v" is a duplicate of already analyzed file "C:/Users/sz_ol/Desktop/mandukie/College/1-SP23/ECE385/1111- FINAL/Fruit-ninja-on-FPGA/final/synthesis/submodules/altera_avalon_st_handshake_clock_crosser.v" (same filename, same library name and same md5 digest). Skipping analysis of this file.
Info (12021): Found 0 design units, including 0 entities, in source file db/ip/final/submodules/altera_avalon_st_handshake_clock_crosser.v
Info (15248): File "c:/users/sz_ol/desktop/mandukie/college/1-sp23/ece385/1111- final/fruit-ninja-on-fpga/db/ip/final/submodules/altera_avalon_st_pipeline_base.v" is a duplicate of already analyzed file "C:/Users/sz_ol/Desktop/mandukie/College/1-SP23/ECE385/1111- FINAL/Fruit-ninja-on-FPGA/final/synthesis/submodules/altera_avalon_st_pipeline_base.v" (same filename, same library name and same md5 digest). Skipping analysis of this file.
Info (12021): Found 0 design units, including 0 entities, in source file db/ip/final/submodules/altera_avalon_st_pipeline_base.v
Info (15248): File "c:/users/sz_ol/desktop/mandukie/college/1-sp23/ece385/1111- final/fruit-ninja-on-fpga/db/ip/final/submodules/altera_avalon_st_pipeline_stage.sv" is a duplicate of already analyzed file "C:/Users/sz_ol/Desktop/mandukie/College/1-SP23/ECE385/1111- FINAL/Fruit-ninja-on-FPGA/final/synthesis/submodules/altera_avalon_st_pipeline_stage.sv" (same filename, same library name and same md5 digest). Skipping analysis of this file.
Info (12021): Found 0 design units, including 0 entities, in source file db/ip/final/submodules/altera_avalon_st_pipeline_stage.sv
Info (15248): File "c:/users/sz_ol/desktop/mandukie/college/1-sp23/ece385/1111- final/fruit-ninja-on-fpga/db/ip/final/submodules/altera_default_burst_converter.sv" is a duplicate of already analyzed file "C:/Users/sz_ol/Desktop/mandukie/College/1-SP23/ECE385/1111- FINAL/Fruit-ninja-on-FPGA/final/synthesis/submodules/altera_default_burst_converter.sv" (same filename, same library name and same md5 digest). Skipping analysis of this file.
Info (12021): Found 0 design units, including 0 entities, in source file db/ip/final/submodules/altera_default_burst_converter.sv
Info (15248): File "c:/users/sz_ol/desktop/mandukie/college/1-sp23/ece385/1111- final/fruit-ninja-on-fpga/db/ip/final/submodules/altera_incr_burst_converter.sv" is a duplicate of already analyzed file "C:/Users/sz_ol/Desktop/mandukie/College/1-SP23/ECE385/1111- FINAL/Fruit-ninja-on-FPGA/final/synthesis/submodules/altera_incr_burst_converter.sv" (same filename, same library name and same md5 digest). Skipping analysis of this file.
Info (12021): Found 0 design units, including 0 entities, in source file db/ip/final/submodules/altera_incr_burst_converter.sv
Info (15248): File "c:/users/sz_ol/desktop/mandukie/college/1-sp23/ece385/1111- final/fruit-ninja-on-fpga/db/ip/final/submodules/altera_merlin_address_alignment.sv" is a duplicate of already analyzed file "C:/Users/sz_ol/Desktop/mandukie/College/1-SP23/ECE385/1111- FINAL/Fruit-ninja-on-FPGA/final/synthesis/submodules/altera_merlin_address_alignment.sv" (same filename, same library name and same md5 digest). Skipping analysis of this file.
Info (12021): Found 0 design units, including 0 entities, in source file db/ip/final/submodules/altera_merlin_address_alignment.sv
Info (15248): File "c:/users/sz_ol/desktop/mandukie/college/1-sp23/ece385/1111- final/fruit-ninja-on-fpga/db/ip/final/submodules/altera_merlin_arbitrator.sv" is a duplicate of already analyzed file "C:/Users/sz_ol/Desktop/mandukie/College/1-SP23/ECE385/1111- FINAL/Fruit-ninja-on-FPGA/final/synthesis/submodules/altera_merlin_arbitrator.sv" (same filename, same library name and same md5 digest). Skipping analysis of this file.
Info (12021): Found 0 design units, including 0 entities, in source file db/ip/final/submodules/altera_merlin_arbitrator.sv
Info (15248): File "c:/users/sz_ol/desktop/mandukie/college/1-sp23/ece385/1111- final/fruit-ninja-on-fpga/db/ip/final/submodules/altera_merlin_burst_adapter.sv" is a duplicate of already analyzed file "C:/Users/sz_ol/Desktop/mandukie/College/1-SP23/ECE385/1111- FINAL/Fruit-ninja-on-FPGA/final/synthesis/submodules/altera_merlin_burst_adapter.sv" (same filename, same library name and same md5 digest). Skipping analysis of this file.
Info (12021): Found 0 design units, including 0 entities, in source file db/ip/final/submodules/altera_merlin_burst_adapter.sv
Info (15248): File "c:/users/sz_ol/desktop/mandukie/college/1-sp23/ece385/1111- final/fruit-ninja-on-fpga/db/ip/final/submodules/altera_merlin_burst_adapter_13_1.sv" is a duplicate of already analyzed file "C:/Users/sz_ol/Desktop/mandukie/College/1-SP23/ECE385/1111- FINAL/Fruit-ninja-on-FPGA/final/synthesis/submodules/altera_merlin_burst_adapter_13_1.sv" (same filename, same library name and same md5 digest). Skipping analysis of this file.
Info (12021): Found 0 design units, including 0 entities, in source file db/ip/final/submodules/altera_merlin_burst_adapter_13_1.sv
Info (15248): File "c:/users/sz_ol/desktop/mandukie/college/1-sp23/ece385/1111- final/fruit-ninja-on-fpga/db/ip/final/submodules/altera_merlin_burst_adapter_new.sv" is a duplicate of already analyzed file "C:/Users/sz_ol/Desktop/mandukie/College/1-SP23/ECE385/1111- FINAL/Fruit-ninja-on-FPGA/final/synthesis/submodules/altera_merlin_burst_adapter_new.sv" (same filename, same library name and same md5 digest). Skipping analysis of this file.
Info (12021): Found 0 design units, including 0 entities, in source file db/ip/final/submodules/altera_merlin_burst_adapter_new.sv
Info (15248): File "c:/users/sz_ol/desktop/mandukie/college/1-sp23/ece385/1111- final/fruit-ninja-on-fpga/db/ip/final/submodules/altera_merlin_burst_adapter_uncmpr.sv" is a duplicate of already analyzed file "C:/Users/sz_ol/Desktop/mandukie/College/1-SP23/ECE385/1111- FINAL/Fruit-ninja-on-FPGA/final/synthesis/submodules/altera_merlin_burst_adapter_uncmpr.sv" (same filename, same library name and same md5 digest). Skipping analysis of this file.
Info (12021): Found 0 design units, including 0 entities, in source file db/ip/final/submodules/altera_merlin_burst_adapter_uncmpr.sv
Info (15248): File "c:/users/sz_ol/desktop/mandukie/college/1-sp23/ece385/1111- final/fruit-ninja-on-fpga/db/ip/final/submodules/altera_merlin_burst_uncompressor.sv" is a duplicate of already analyzed file "C:/Users/sz_ol/Desktop/mandukie/College/1-SP23/ECE385/1111- FINAL/Fruit-ninja-on-FPGA/final/synthesis/submodules/altera_merlin_burst_uncompressor.sv" (same filename, same library name and same md5 digest). Skipping analysis of this file.
Info (12021): Found 0 design units, including 0 entities, in source file db/ip/final/submodules/altera_merlin_burst_uncompressor.sv
Info (15248): File "c:/users/sz_ol/desktop/mandukie/college/1-sp23/ece385/1111- final/fruit-ninja-on-fpga/db/ip/final/submodules/altera_merlin_master_agent.sv" is a duplicate of already analyzed file "C:/Users/sz_ol/Desktop/mandukie/College/1-SP23/ECE385/1111- FINAL/Fruit-ninja-on-FPGA/final/synthesis/submodules/altera_merlin_master_agent.sv" (same filename, same library name and same md5 digest). Skipping analysis of this file.
Info (12021): Found 0 design units, including 0 entities, in source file db/ip/final/submodules/altera_merlin_master_agent.sv
Info (15248): File "c:/users/sz_ol/desktop/mandukie/college/1-sp23/ece385/1111- final/fruit-ninja-on-fpga/db/ip/final/submodules/altera_merlin_master_translator.sv" is a duplicate of already analyzed file "C:/Users/sz_ol/Desktop/mandukie/College/1-SP23/ECE385/1111- FINAL/Fruit-ninja-on-FPGA/final/synthesis/submodules/altera_merlin_master_translator.sv" (same filename, same library name and same md5 digest). Skipping analysis of this file.
Info (12021): Found 0 design units, including 0 entities, in source file db/ip/final/submodules/altera_merlin_master_translator.sv
Info (15248): File "c:/users/sz_ol/desktop/mandukie/college/1-sp23/ece385/1111- final/fruit-ninja-on-fpga/db/ip/final/submodules/altera_merlin_slave_agent.sv" is a duplicate of already analyzed file "C:/Users/sz_ol/Desktop/mandukie/College/1-SP23/ECE385/1111- FINAL/Fruit-ninja-on-FPGA/final/synthesis/submodules/altera_merlin_slave_agent.sv" (same filename, same library name and same md5 digest). Skipping analysis of this file.
Info (12021): Found 0 design units, including 0 entities, in source file db/ip/final/submodules/altera_merlin_slave_agent.sv
Info (15248): File "c:/users/sz_ol/desktop/mandukie/college/1-sp23/ece385/1111- final/fruit-ninja-on-fpga/db/ip/final/submodules/altera_merlin_slave_translator.sv" is a duplicate of already analyzed file "C:/Users/sz_ol/Desktop/mandukie/College/1-SP23/ECE385/1111- FINAL/Fruit-ninja-on-FPGA/final/synthesis/submodules/altera_merlin_slave_translator.sv" (same filename, same library name and same md5 digest). Skipping analysis of this file.
Info (12021): Found 0 design units, including 0 entities, in source file db/ip/final/submodules/altera_merlin_slave_translator.sv
Info (15248): File "c:/users/sz_ol/desktop/mandukie/college/1-sp23/ece385/1111- final/fruit-ninja-on-fpga/db/ip/final/submodules/altera_merlin_width_adapter.sv" is a duplicate of already analyzed file "C:/Users/sz_ol/Desktop/mandukie/College/1-SP23/ECE385/1111- FINAL/Fruit-ninja-on-FPGA/final/synthesis/submodules/altera_merlin_width_adapter.sv" (same filename, same library name and same md5 digest). Skipping analysis of this file.
Info (12021): Found 0 design units, including 0 entities, in source file db/ip/final/submodules/altera_merlin_width_adapter.sv
Info (15248): File "c:/users/sz_ol/desktop/mandukie/college/1-sp23/ece385/1111- final/fruit-ninja-on-fpga/db/ip/final/submodules/altera_reset_controller.v" is a duplicate of already analyzed file "C:/Users/sz_ol/Desktop/mandukie/College/1-SP23/ECE385/1111- FINAL/Fruit-ninja-on-FPGA/final/synthesis/submodules/altera_reset_controller.v" (same filename, same library name and same md5 digest). Skipping analysis of this file.
Info (12021): Found 0 design units, including 0 entities, in source file db/ip/final/submodules/altera_reset_controller.v
Info (15248): File "c:/users/sz_ol/desktop/mandukie/college/1-sp23/ece385/1111- final/fruit-ninja-on-fpga/db/ip/final/submodules/altera_reset_synchronizer.v" is a duplicate of already analyzed file "C:/Users/sz_ol/Desktop/mandukie/College/1-SP23/ECE385/1111- FINAL/Fruit-ninja-on-FPGA/final/synthesis/submodules/altera_reset_synchronizer.v" (same filename, same library name and same md5 digest). Skipping analysis of this file.
Info (12021): Found 0 design units, including 0 entities, in source file db/ip/final/submodules/altera_reset_synchronizer.v
Info (15248): File "c:/users/sz_ol/desktop/mandukie/college/1-sp23/ece385/1111- final/fruit-ninja-on-fpga/db/ip/final/submodules/altera_std_synchronizer_nocut.v" is a duplicate of already analyzed file "C:/Users/sz_ol/Desktop/mandukie/College/1-SP23/ECE385/1111- FINAL/Fruit-ninja-on-FPGA/final/synthesis/submodules/altera_std_synchronizer_nocut.v" (same filename, same library name and same md5 digest). Skipping analysis of this file.
Info (12021): Found 0 design units, including 0 entities, in source file db/ip/final/submodules/altera_std_synchronizer_nocut.v
Info (15248): File "c:/users/sz_ol/desktop/mandukie/college/1-sp23/ece385/1111- final/fruit-ninja-on-fpga/db/ip/final/submodules/altera_wrap_burst_converter.sv" is a duplicate of already analyzed file "C:/Users/sz_ol/Desktop/mandukie/College/1-SP23/ECE385/1111- FINAL/Fruit-ninja-on-FPGA/final/synthesis/submodules/altera_wrap_burst_converter.sv" (same filename, same library name and same md5 digest). Skipping analysis of this file.
Info (12021): Found 0 design units, including 0 entities, in source file db/ip/final/submodules/altera_wrap_burst_converter.sv
Info (15248): File "c:/users/sz_ol/desktop/mandukie/college/1-sp23/ece385/1111- final/fruit-ninja-on-fpga/db/ip/final/submodules/final_reset.v" is a duplicate of already analyzed file "C:/Users/sz_ol/Desktop/mandukie/College/1-SP23/ECE385/1111- FINAL/Fruit-ninja-on-FPGA/final/synthesis/submodules/final_RESET.v" (same filename, same library name and same md5 digest). Skipping analysis of this file.
Info (12021): Found 0 design units, including 0 entities, in source file db/ip/final/submodules/final_reset.v
Info (15248): File "c:/users/sz_ol/desktop/mandukie/college/1-sp23/ece385/1111- final/fruit-ninja-on-fpga/db/ip/final/submodules/final_sdram.v" is a duplicate of already analyzed file "C:/Users/sz_ol/Desktop/mandukie/College/1-SP23/ECE385/1111- FINAL/Fruit-ninja-on-FPGA/final/synthesis/submodules/final_SDRAM.v" (same filename, same library name and same md5 digest). Skipping analysis of this file.
Info (12021): Found 0 design units, including 0 entities, in source file db/ip/final/submodules/final_sdram.v
Info (15248): File "c:/users/sz_ol/desktop/mandukie/college/1-sp23/ece385/1111- final/fruit-ninja-on-fpga/db/ip/final/submodules/final_hex_digits_pio.v" is a duplicate of already analyzed file "C:/Users/sz_ol/Desktop/mandukie/College/1-SP23/ECE385/1111- FINAL/Fruit-ninja-on-FPGA/final/synthesis/submodules/final_hex_digits_pio.v" (same filename, same library name and same md5 digest). Skipping analysis of this file.
Info (12021): Found 0 design units, including 0 entities, in source file db/ip/final/submodules/final_hex_digits_pio.v
Info (15248): File "c:/users/sz_ol/desktop/mandukie/college/1-sp23/ece385/1111- final/fruit-ninja-on-fpga/db/ip/final/submodules/final_irq_mapper.sv" is a duplicate of already analyzed file "C:/Users/sz_ol/Desktop/mandukie/College/1-SP23/ECE385/1111- FINAL/Fruit-ninja-on-FPGA/final/synthesis/submodules/final_irq_mapper.sv" (same filename, same library name and same md5 digest). Skipping analysis of this file.
Info (12021): Found 0 design units, including 0 entities, in source file db/ip/final/submodules/final_irq_mapper.sv
Info (15248): File "c:/users/sz_ol/desktop/mandukie/college/1-sp23/ece385/1111- final/fruit-ninja-on-fpga/db/ip/final/submodules/final_keycode.v" is a duplicate of already analyzed file "C:/Users/sz_ol/Desktop/mandukie/College/1-SP23/ECE385/1111- FINAL/Fruit-ninja-on-FPGA/final/synthesis/submodules/final_keycode.v" (same filename, same library name and same md5 digest). Skipping analysis of this file.
Info (12021): Found 0 design units, including 0 entities, in source file db/ip/final/submodules/final_keycode.v
Info (15248): File "c:/users/sz_ol/desktop/mandukie/college/1-sp23/ece385/1111- final/fruit-ninja-on-fpga/db/ip/final/submodules/final_mm_interconnect_0.v" is a duplicate of already analyzed file "C:/Users/sz_ol/Desktop/mandukie/College/1-SP23/ECE385/1111- FINAL/Fruit-ninja-on-FPGA/final/synthesis/submodules/final_mm_interconnect_0.v" (same filename, same library name and same md5 digest). Skipping analysis of this file.
Info (12021): Found 0 design units, including 0 entities, in source file db/ip/final/submodules/final_mm_interconnect_0.v
Info (15248): File "c:/users/sz_ol/desktop/mandukie/college/1-sp23/ece385/1111- final/fruit-ninja-on-fpga/db/ip/final/submodules/final_mm_interconnect_0_avalon_st_adapter.v" is a duplicate of already analyzed file "C:/Users/sz_ol/Desktop/mandukie/College/1-SP23/ECE385/1111- FINAL/Fruit-ninja-on-FPGA/final/synthesis/submodules/final_mm_interconnect_0_avalon_st_adapter.v" (same filename, same library name and same md5 digest). Skipping analysis of this file.
Info (12021): Found 0 design units, including 0 entities, in source file db/ip/final/submodules/final_mm_interconnect_0_avalon_st_adapter.v
Info (15248): File "c:/users/sz_ol/desktop/mandukie/college/1-sp23/ece385/1111- final/fruit-ninja-on-fpga/db/ip/final/submodules/final_mm_interconnect_0_avalon_st_adapter_004.v" is a duplicate of already analyzed file "C:/Users/sz_ol/Desktop/mandukie/College/1-SP23/ECE385/1111- FINAL/Fruit-ninja-on-FPGA/final/synthesis/submodules/final_mm_interconnect_0_avalon_st_adapter_004.v" (same filename, same library name and same md5 digest). Skipping analysis of this file.
Info (12021): Found 0 design units, including 0 entities, in source file db/ip/final/submodules/final_mm_interconnect_0_avalon_st_adapter_004.v
Info (15248): File "c:/users/sz_ol/desktop/mandukie/college/1-sp23/ece385/1111- final/fruit-ninja-on-fpga/db/ip/final/submodules/final_mm_interconnect_0_avalon_st_adapter_004_error_adapter_0.sv" is a duplicate of already analyzed file "C:/Users/sz_ol/Desktop/mandukie/College/1-SP23/ECE385/1111- FINAL/Fruit-ninja-on-FPGA/final/synthesis/submodules/final_mm_interconnect_0_avalon_st_adapter_004_error_adapter_0.sv" (same filename, same library name and same md5 digest). Skipping analysis of this file.
Info (12021): Found 0 design units, including 0 entities, in source file db/ip/final/submodules/final_mm_interconnect_0_avalon_st_adapter_004_error_adapter_0.sv
Info (15248): File "c:/users/sz_ol/desktop/mandukie/college/1-sp23/ece385/1111- final/fruit-ninja-on-fpga/db/ip/final/submodules/final_mm_interconnect_0_avalon_st_adapter_error_adapter_0.sv" is a duplicate of already analyzed file "C:/Users/sz_ol/Desktop/mandukie/College/1-SP23/ECE385/1111- FINAL/Fruit-ninja-on-FPGA/final/synthesis/submodules/final_mm_interconnect_0_avalon_st_adapter_error_adapter_0.sv" (same filename, same library name and same md5 digest). Skipping analysis of this file.
Info (12021): Found 0 design units, including 0 entities, in source file db/ip/final/submodules/final_mm_interconnect_0_avalon_st_adapter_error_adapter_0.sv
Info (15248): File "c:/users/sz_ol/desktop/mandukie/college/1-sp23/ece385/1111- final/fruit-ninja-on-fpga/db/ip/final/submodules/final_mm_interconnect_0_cmd_demux.sv" is a duplicate of already analyzed file "C:/Users/sz_ol/Desktop/mandukie/College/1-SP23/ECE385/1111- FINAL/Fruit-ninja-on-FPGA/final/synthesis/submodules/final_mm_interconnect_0_cmd_demux.sv" (same filename, same library name and same md5 digest). Skipping analysis of this file.
Info (12021): Found 0 design units, including 0 entities, in source file db/ip/final/submodules/final_mm_interconnect_0_cmd_demux.sv
Info (15248): File "c:/users/sz_ol/desktop/mandukie/college/1-sp23/ece385/1111- final/fruit-ninja-on-fpga/db/ip/final/submodules/final_mm_interconnect_0_cmd_mux.sv" is a duplicate of already analyzed file "C:/Users/sz_ol/Desktop/mandukie/College/1-SP23/ECE385/1111- FINAL/Fruit-ninja-on-FPGA/final/synthesis/submodules/final_mm_interconnect_0_cmd_mux.sv" (same filename, same library name and same md5 digest). Skipping analysis of this file.
Info (12021): Found 0 design units, including 0 entities, in source file db/ip/final/submodules/final_mm_interconnect_0_cmd_mux.sv
Info (15248): File "c:/users/sz_ol/desktop/mandukie/college/1-sp23/ece385/1111- final/fruit-ninja-on-fpga/db/ip/final/submodules/final_mm_interconnect_0_router.sv" is a duplicate of already analyzed file "C:/Users/sz_ol/Desktop/mandukie/College/1-SP23/ECE385/1111- FINAL/Fruit-ninja-on-FPGA/final/synthesis/submodules/final_mm_interconnect_0_router.sv" (same filename, same library name and same md5 digest). Skipping analysis of this file.
Info (12021): Found 0 design units, including 0 entities, in source file db/ip/final/submodules/final_mm_interconnect_0_router.sv
Info (15248): File "c:/users/sz_ol/desktop/mandukie/college/1-sp23/ece385/1111- final/fruit-ninja-on-fpga/db/ip/final/submodules/final_mm_interconnect_0_router_002.sv" is a duplicate of already analyzed file "C:/Users/sz_ol/Desktop/mandukie/College/1-SP23/ECE385/1111- FINAL/Fruit-ninja-on-FPGA/final/synthesis/submodules/final_mm_interconnect_0_router_002.sv" (same filename, same library name and same md5 digest). Skipping analysis of this file.
Info (12021): Found 0 design units, including 0 entities, in source file db/ip/final/submodules/final_mm_interconnect_0_router_002.sv
Info (15248): File "c:/users/sz_ol/desktop/mandukie/college/1-sp23/ece385/1111- final/fruit-ninja-on-fpga/db/ip/final/submodules/final_mm_interconnect_0_router_006.sv" is a duplicate of already analyzed file "C:/Users/sz_ol/Desktop/mandukie/College/1-SP23/ECE385/1111- FINAL/Fruit-ninja-on-FPGA/final/synthesis/submodules/final_mm_interconnect_0_router_006.sv" (same filename, same library name and same md5 digest). Skipping analysis of this file.
Info (12021): Found 0 design units, including 0 entities, in source file db/ip/final/submodules/final_mm_interconnect_0_router_006.sv
Info (15248): File "c:/users/sz_ol/desktop/mandukie/college/1-sp23/ece385/1111- final/fruit-ninja-on-fpga/db/ip/final/submodules/final_mm_interconnect_0_rsp_demux.sv" is a duplicate of already analyzed file "C:/Users/sz_ol/Desktop/mandukie/College/1-SP23/ECE385/1111- FINAL/Fruit-ninja-on-FPGA/final/synthesis/submodules/final_mm_interconnect_0_rsp_demux.sv" (same filename, same library name and same md5 digest). Skipping analysis of this file.
Info (12021): Found 0 design units, including 0 entities, in source file db/ip/final/submodules/final_mm_interconnect_0_rsp_demux.sv
Info (15248): File "c:/users/sz_ol/desktop/mandukie/college/1-sp23/ece385/1111- final/fruit-ninja-on-fpga/db/ip/final/submodules/final_mm_interconnect_0_rsp_mux.sv" is a duplicate of already analyzed file "C:/Users/sz_ol/Desktop/mandukie/College/1-SP23/ECE385/1111- FINAL/Fruit-ninja-on-FPGA/final/synthesis/submodules/final_mm_interconnect_0_rsp_mux.sv" (same filename, same library name and same md5 digest). Skipping analysis of this file.
Info (12021): Found 0 design units, including 0 entities, in source file db/ip/final/submodules/final_mm_interconnect_0_rsp_mux.sv
Info (15248): File "c:/users/sz_ol/desktop/mandukie/college/1-sp23/ece385/1111- final/fruit-ninja-on-fpga/db/ip/final/submodules/final_nios2_gen2_0.v" is a duplicate of already analyzed file "C:/Users/sz_ol/Desktop/mandukie/College/1-SP23/ECE385/1111- FINAL/Fruit-ninja-on-FPGA/final/synthesis/submodules/final_nios2_gen2_0.v" (same filename, same library name and same md5 digest). Skipping analysis of this file.
Info (12021): Found 0 design units, including 0 entities, in source file db/ip/final/submodules/final_nios2_gen2_0.v
Info (15248): File "c:/users/sz_ol/desktop/mandukie/college/1-sp23/ece385/1111- final/fruit-ninja-on-fpga/db/ip/final/submodules/final_nios2_gen2_0_cpu.v" is a duplicate of already analyzed file "C:/Users/sz_ol/Desktop/mandukie/College/1-SP23/ECE385/1111- FINAL/Fruit-ninja-on-FPGA/final/synthesis/submodules/final_nios2_gen2_0_cpu.v" (same filename, same library name and same md5 digest). Skipping analysis of this file.
Info (12021): Found 0 design units, including 0 entities, in source file db/ip/final/submodules/final_nios2_gen2_0_cpu.v
Info (15248): File "c:/users/sz_ol/desktop/mandukie/college/1-sp23/ece385/1111- final/fruit-ninja-on-fpga/db/ip/final/submodules/final_nios2_gen2_0_cpu_debug_slave_sysclk.v" is a duplicate of already analyzed file "C:/Users/sz_ol/Desktop/mandukie/College/1-SP23/ECE385/1111- FINAL/Fruit-ninja-on-FPGA/final/synthesis/submodules/final_nios2_gen2_0_cpu_debug_slave_sysclk.v" (same filename, same library name and same md5 digest). Skipping analysis of this file.
Info (12021): Found 0 design units, including 0 entities, in source file db/ip/final/submodules/final_nios2_gen2_0_cpu_debug_slave_sysclk.v
Info (15248): File "c:/users/sz_ol/desktop/mandukie/college/1-sp23/ece385/1111- final/fruit-ninja-on-fpga/db/ip/final/submodules/final_nios2_gen2_0_cpu_debug_slave_tck.v" is a duplicate of already analyzed file "C:/Users/sz_ol/Desktop/mandukie/College/1-SP23/ECE385/1111- FINAL/Fruit-ninja-on-FPGA/final/synthesis/submodules/final_nios2_gen2_0_cpu_debug_slave_tck.v" (same filename, same library name and same md5 digest). Skipping analysis of this file.
Info (12021): Found 0 design units, including 0 entities, in source file db/ip/final/submodules/final_nios2_gen2_0_cpu_debug_slave_tck.v
Info (15248): File "c:/users/sz_ol/desktop/mandukie/college/1-sp23/ece385/1111- final/fruit-ninja-on-fpga/db/ip/final/submodules/final_nios2_gen2_0_cpu_debug_slave_wrapper.v" is a duplicate of already analyzed file "C:/Users/sz_ol/Desktop/mandukie/College/1-SP23/ECE385/1111- FINAL/Fruit-ninja-on-FPGA/final/synthesis/submodules/final_nios2_gen2_0_cpu_debug_slave_wrapper.v" (same filename, same library name and same md5 digest). Skipping analysis of this file.
Info (12021): Found 0 design units, including 0 entities, in source file db/ip/final/submodules/final_nios2_gen2_0_cpu_debug_slave_wrapper.v
Info (15248): File "c:/users/sz_ol/desktop/mandukie/college/1-sp23/ece385/1111- final/fruit-ninja-on-fpga/db/ip/final/submodules/final_nios2_gen2_0_cpu_test_bench.v" is a duplicate of already analyzed file "C:/Users/sz_ol/Desktop/mandukie/College/1-SP23/ECE385/1111- FINAL/Fruit-ninja-on-FPGA/final/synthesis/submodules/final_nios2_gen2_0_cpu_test_bench.v" (same filename, same library name and same md5 digest). Skipping analysis of this file.
Info (12021): Found 0 design units, including 0 entities, in source file db/ip/final/submodules/final_nios2_gen2_0_cpu_test_bench.v
Info (15248): File "c:/users/sz_ol/desktop/mandukie/college/1-sp23/ece385/1111- final/fruit-ninja-on-fpga/db/ip/final/submodules/final_onchip_memory2_0.v" is a duplicate of already analyzed file "C:/Users/sz_ol/Desktop/mandukie/College/1-SP23/ECE385/1111- FINAL/Fruit-ninja-on-FPGA/final/synthesis/submodules/final_onchip_memory2_0.v" (same filename, same library name and same md5 digest). Skipping analysis of this file.
Info (12021): Found 0 design units, including 0 entities, in source file db/ip/final/submodules/final_onchip_memory2_0.v
Info (15248): File "c:/users/sz_ol/desktop/mandukie/college/1-sp23/ece385/1111- final/fruit-ninja-on-fpga/db/ip/final/submodules/final_sdram_pll.v" is a duplicate of already analyzed file "C:/Users/sz_ol/Desktop/mandukie/College/1-SP23/ECE385/1111- FINAL/Fruit-ninja-on-FPGA/final/synthesis/submodules/final_sdram_pll.v" (same filename, same library name and same md5 digest). Skipping analysis of this file.
Info (12021): Found 0 design units, including 0 entities, in source file db/ip/final/submodules/final_sdram_pll.v
Info (15248): File "c:/users/sz_ol/desktop/mandukie/college/1-sp23/ece385/1111- final/fruit-ninja-on-fpga/db/ip/final/submodules/final_spi_0.v" is a duplicate of already analyzed file "C:/Users/sz_ol/Desktop/mandukie/College/1-SP23/ECE385/1111- FINAL/Fruit-ninja-on-FPGA/final/synthesis/submodules/final_spi_0.v" (same filename, same library name and same md5 digest). Skipping analysis of this file.
Info (12021): Found 0 design units, including 0 entities, in source file db/ip/final/submodules/final_spi_0.v
Error (10228): Verilog HDL error at final_sysid_qsys_0.v(34): module "final_sysid_qsys_0" cannot be declared more than once File: C:/Users/sz_ol/Desktop/mandukie/College/1-SP23/ECE385/1111- FINAL/Fruit-ninja-on-FPGA/db/ip/final/submodules/final_sysid_qsys_0.v Line: 34
Info (10499): HDL info at final_sysid_qsys_0.v(34): see declaration for object "final_sysid_qsys_0" File: C:/Users/sz_ol/Desktop/mandukie/College/1-SP23/ECE385/1111- FINAL/Fruit-ninja-on-FPGA/final/synthesis/submodules/final_sysid_qsys_0.v Line: 34
Info (12021): Found 0 design units, including 0 entities, in source file db/ip/final/submodules/final_sysid_qsys_0.v
Info (15248): File "c:/users/sz_ol/desktop/mandukie/college/1-sp23/ece385/1111- final/fruit-ninja-on-fpga/db/ip/final/submodules/final_timer_0.v" is a duplicate of already analyzed file "C:/Users/sz_ol/Desktop/mandukie/College/1-SP23/ECE385/1111- FINAL/Fruit-ninja-on-FPGA/final/synthesis/submodules/final_timer_0.v" (same filename, same library name and same md5 digest). Skipping analysis of this file.
Info (12021): Found 0 design units, including 0 entities, in source file db/ip/final/submodules/final_timer_0.v
Info (15248): File "c:/users/sz_ol/desktop/mandukie/college/1-sp23/ece385/1111- final/fruit-ninja-on-fpga/db/ip/final/submodules/final_usb_rst.v" is a duplicate of already analyzed file "C:/Users/sz_ol/Desktop/mandukie/College/1-SP23/ECE385/1111- FINAL/Fruit-ninja-on-FPGA/final/synthesis/submodules/final_usb_rst.v" (same filename, same library name and same md5 digest). Skipping analysis of this file.
Info (12021): Found 0 design units, including 0 entities, in source file db/ip/final/submodules/final_usb_rst.v
Info (144001): Generated suppressed messages file C:/Users/sz_ol/Desktop/mandukie/College/1-SP23/ECE385/1111- FINAL/Fruit-ninja-on-FPGA/output_files/ninja.map.smsg
Error: Quartus Prime Analysis & Synthesis was unsuccessful. 5 errors, 2 warnings
    Error: Peak virtual memory: 4737 megabytes
    Error: Processing ended: Thu Apr 20 20:48:41 2023
    Error: Elapsed time: 00:00:55
    Error: Total CPU time (on all processors): 00:00:43


+------------------------------------------+
; Analysis & Synthesis Suppressed Messages ;
+------------------------------------------+
The suppressed messages can be found in C:/Users/sz_ol/Desktop/mandukie/College/1-SP23/ECE385/1111- FINAL/Fruit-ninja-on-FPGA/output_files/ninja.map.smsg.


