Flow report for ninja
Fri Apr 21 16:34:58 2023
Quartus Prime Version 18.1.0 Build 625 09/12/2018 SJ Lite Edition


---------------------
; Table of Contents ;
---------------------
  1. Legal Notice
  2. Flow Summary
  3. Flow Settings
  4. Flow Non-Default Global Settings
  5. Flow Elapsed Time
  6. Flow OS Summary
  7. Flow Log
  8. Flow Messages
  9. Flow Suppressed Messages



----------------
; Legal Notice ;
----------------
Copyright (C) 2018  Intel Corporation. All rights reserved.
Your use of Intel Corporation's design tools, logic functions 
and other software and tools, and its AMPP partner logic 
functions, and any output files from any of the foregoing 
(including device programming or simulation files), and any 
associated documentation or information are expressly subject 
to the terms and conditions of the Intel Program License 
Subscription Agreement, the Intel Quartus Prime License Agreement,
the Intel FPGA IP License Agreement, or other applicable license
agreement, including, without limitation, that your use is for
the sole purpose of programming logic devices manufactured by
Intel and sold by Intel or its authorized distributors.  Please
refer to the applicable agreement for further details.



+----------------------------------------------------------------------------------+
; Flow Summary                                                                     ;
+------------------------------------+---------------------------------------------+
; Flow Status                        ; Successful - Fri Apr 21 16:34:58 2023       ;
; Quartus Prime Version              ; 18.1.0 Build 625 09/12/2018 SJ Lite Edition ;
; Revision Name                      ; ninja                                       ;
; Top-level Entity Name              ; top                                         ;
; Family                             ; MAX 10                                      ;
; Device                             ; 10M50DAF484C7G                              ;
; Timing Models                      ; Final                                       ;
; Total logic elements               ; 3,651 / 49,760 ( 7 % )                      ;
;     Total combinational functions  ; 3,098 / 49,760 ( 6 % )                      ;
;     Dedicated logic registers      ; 2,253 / 49,760 ( 5 % )                      ;
; Total registers                    ; 2322                                        ;
; Total pins                         ; 131 / 360 ( 36 % )                          ;
; Total virtual pins                 ; 0                                           ;
; Total memory bits                  ; 350,208 / 1,677,312 ( 21 % )                ;
; Embedded Multiplier 9-bit elements ; 0 / 288 ( 0 % )                             ;
; Total PLLs                         ; 1 / 4 ( 25 % )                              ;
; UFM blocks                         ; 0 / 1 ( 0 % )                               ;
; ADC blocks                         ; 0 / 2 ( 0 % )                               ;
+------------------------------------+---------------------------------------------+


+-----------------------------------------+
; Flow Settings                           ;
+-------------------+---------------------+
; Option            ; Setting             ;
+-------------------+---------------------+
; Start date & time ; 04/21/2023 16:33:50 ;
; Main task         ; Compilation         ;
; Revision Name     ; ninja               ;
+-------------------+---------------------+


+----------------------------------------------------------------------------------------------------------------------------------------------------+
; Flow Non-Default Global Settings                                                                                                                   ;
+-------------------------------------+---------------------------------------------------------+---------------+-------------------+----------------+
; Assignment Name                     ; Value                                                   ; Default Value ; Entity Name       ; Section Id     ;
+-------------------------------------+---------------------------------------------------------+---------------+-------------------+----------------+
; COMPILER_SIGNATURE_ID               ; 264562646138663.168211283018360                         ; --            ; --                ; --             ;
; EDA_OUTPUT_DATA_FORMAT              ; Systemverilog Hdl                                       ; --            ; --                ; eda_simulation ;
; EDA_SIMULATION_TOOL                 ; ModelSim-Altera (SystemVerilog)                         ; <None>        ; --                ; --             ;
; EDA_TIME_SCALE                      ; 1 ps                                                    ; --            ; --                ; eda_simulation ;
; MAX_CORE_JUNCTION_TEMP              ; 85                                                      ; --            ; --                ; --             ;
; MIN_CORE_JUNCTION_TEMP              ; 0                                                       ; --            ; --                ; --             ;
; MISC_FILE                           ; final/synthesis/../final.cmp                            ; --            ; --                ; --             ;
; MISC_FILE                           ; final/synthesis/../../final.qsys                        ; --            ; --                ; --             ;
; OUTPUT_IO_TIMING_FAR_END_VMEAS      ; Half Signal Swing                                       ; --            ; --                ; --             ;
; OUTPUT_IO_TIMING_FAR_END_VMEAS      ; Half Signal Swing                                       ; --            ; --                ; --             ;
; OUTPUT_IO_TIMING_NEAR_END_VMEAS     ; Half Vccio                                              ; --            ; --                ; --             ;
; OUTPUT_IO_TIMING_NEAR_END_VMEAS     ; Half Vccio                                              ; --            ; --                ; --             ;
; PARTITION_COLOR                     ; -- (Not supported for targeted family)                  ; --            ; DE10_LITE_Default ; Top            ;
; PARTITION_COLOR                     ; -- (Not supported for targeted family)                  ; --            ; top               ; Top            ;
; PARTITION_FITTER_PRESERVATION_LEVEL ; -- (Not supported for targeted family)                  ; --            ; DE10_LITE_Default ; Top            ;
; PARTITION_FITTER_PRESERVATION_LEVEL ; -- (Not supported for targeted family)                  ; --            ; top               ; Top            ;
; PARTITION_NETLIST_TYPE              ; -- (Not supported for targeted family)                  ; --            ; DE10_LITE_Default ; Top            ;
; PARTITION_NETLIST_TYPE              ; -- (Not supported for targeted family)                  ; --            ; top               ; Top            ;
; POWER_BOARD_THERMAL_MODEL           ; None (CONSERVATIVE)                                     ; --            ; --                ; --             ;
; POWER_PRESET_COOLING_SOLUTION       ; 23 MM HEAT SINK WITH 200 LFPM AIRFLOW                   ; --            ; --                ; --             ;
; PROJECT_OUTPUT_DIRECTORY            ; output_files                                            ; --            ; --                ; --             ;
; SLD_FILE                            ; final/synthesis/final.regmap                            ; --            ; --                ; --             ;
; SLD_FILE                            ; final/synthesis/final.debuginfo                         ; --            ; --                ; --             ;
; SLD_INFO                            ; QSYS_NAME final HAS_SOPCINFO 1 GENERATION_ID 1682041134 ; --            ; final             ; --             ;
; SOPCINFO_FILE                       ; final/synthesis/../../final.sopcinfo                    ; --            ; --                ; --             ;
; SYNTHESIS_ONLY_QIP                  ; On                                                      ; --            ; --                ; --             ;
; TOP_LEVEL_ENTITY                    ; top                                                     ; ninja         ; --                ; --             ;
+-------------------------------------+---------------------------------------------------------+---------------+-------------------+----------------+


+--------------------------------------------------------------------------------------------------------------------------+
; Flow Elapsed Time                                                                                                        ;
+----------------------+--------------+-------------------------+---------------------+------------------------------------+
; Module Name          ; Elapsed Time ; Average Processors Used ; Peak Virtual Memory ; Total CPU Time (on all processors) ;
+----------------------+--------------+-------------------------+---------------------+------------------------------------+
; Analysis & Synthesis ; 00:00:32     ; 1.0                     ; 5044 MB             ; 00:00:36                           ;
; Fitter               ; 00:00:17     ; 1.6                     ; 6001 MB             ; 00:00:17                           ;
; Assembler            ; 00:00:03     ; 1.0                     ; 4720 MB             ; 00:00:03                           ;
; Timing Analyzer      ; 00:00:05     ; 2.5                     ; 4939 MB             ; 00:00:06                           ;
; EDA Netlist Writer   ; 00:00:03     ; 1.0                     ; 4736 MB             ; 00:00:02                           ;
; Total                ; 00:01:00     ; --                      ; --                  ; 00:01:04                           ;
+----------------------+--------------+-------------------------+---------------------+------------------------------------+


+------------------------------------------------------------------------------------+
; Flow OS Summary                                                                    ;
+----------------------+------------------+------------+------------+----------------+
; Module Name          ; Machine Hostname ; OS Name    ; OS Version ; Processor type ;
+----------------------+------------------+------------+------------+----------------+
; Analysis & Synthesis ; DESKTOP-3D5L0RO  ; Windows 10 ; 10.0       ; x86_64         ;
; Fitter               ; DESKTOP-3D5L0RO  ; Windows 10 ; 10.0       ; x86_64         ;
; Assembler            ; DESKTOP-3D5L0RO  ; Windows 10 ; 10.0       ; x86_64         ;
; Timing Analyzer      ; DESKTOP-3D5L0RO  ; Windows 10 ; 10.0       ; x86_64         ;
; EDA Netlist Writer   ; DESKTOP-3D5L0RO  ; Windows 10 ; 10.0       ; x86_64         ;
+----------------------+------------------+------------+------------+----------------+


------------
; Flow Log ;
------------
quartus_map --read_settings_files=on --write_settings_files=off fruit_ninja -c ninja
quartus_fit --read_settings_files=off --write_settings_files=off fruit_ninja -c ninja
quartus_asm --read_settings_files=off --write_settings_files=off fruit_ninja -c ninja
quartus_sta fruit_ninja -c ninja
quartus_eda --read_settings_files=off --write_settings_files=off fruit_ninja -c ninja



