Assembler report for ninja
Thu Apr 20 23:32:45 2023
Quartus Prime Version 18.1.0 Build 625 09/12/2018 SJ Lite Edition


---------------------
; Table of Contents ;
---------------------
  1. Legal Notice
  2. Assembler Summary
  3. Assembler Settings
  4. Assembler Encrypted IP Cores Summary
  5. Assembler Messages



----------------
; Legal Notice ;
----------------
Copyright (C) 2018  Intel Corporation. All rights reserved.
Your use of Intel Corporation's design tools, logic functions 
and other software and tools, and its AMPP partner logic 
functions, and any output files from any of the foregoing 
(including device programming or simulation files), and any 
associated documentation or information are expressly subject 
to the terms and conditions of the Intel Program License 
Subscription Agreement, the Intel Quartus Prime License Agreement,
the Intel FPGA IP License Agreement, or other applicable license
agreement, including, without limitation, that your use is for
the sole purpose of programming logic devices manufactured by
Intel and sold by Intel or its authorized distributors.  Please
refer to the applicable agreement for further details.



+-----------------------------------------------------------+
; Assembler Summary                                         ;
+-----------------------+-----------------------------------+
; Assembler Status      ; Failed - Thu Apr 20 23:32:45 2023 ;
; Revision Name         ; ninja                             ;
; Top-level Entity Name ; top                               ;
; Family                ; MAX 10                            ;
; Device                ; 10M50DCF484C7G                    ;
+-----------------------+-----------------------------------+


+----------------------------------+
; Assembler Settings               ;
+--------+---------+---------------+
; Option ; Setting ; Default Value ;
+--------+---------+---------------+


+------------------------------------------------+
; Assembler Encrypted IP Cores Summary           ;
+--------+------------------------+--------------+
; Vendor ; IP Core Name           ; License Type ;
+--------+------------------------+--------------+
; Altera ; Signal Tap (6AF7 BCE1) ; Licensed     ;
; Altera ; Signal Tap (6AF7 BCEC) ; Licensed     ;
+--------+------------------------+--------------+


+--------------------+
; Assembler Messages ;
+--------------------+
Info: *******************************************************************
Info: Running Quartus Prime Assembler
    Info: Version 18.1.0 Build 625 09/12/2018 SJ Lite Edition
    Info: Processing started: Thu Apr 20 23:32:42 2023
Info: Command: quartus_asm --read_settings_files=off --write_settings_files=off fruit_ninja -c ninja
Warning (18236): Number of processors has not been specified which may cause overloading on shared machines.  Set the global assignment NUM_PARALLEL_PROCESSORS in your QSF to an appropriate value for best performance.
Error (14703): Invalid internal configuration mode for design with memory initialization
Error (14703): Invalid internal configuration mode for design with memory initialization
Error (14703): Invalid internal configuration mode for design with memory initialization
Error (14703): Invalid internal configuration mode for design with memory initialization
Error: Quartus Prime Assembler was unsuccessful. 4 errors, 1 warning
    Error: Peak virtual memory: 4697 megabytes
    Error: Processing ended: Thu Apr 20 23:32:45 2023
    Error: Elapsed time: 00:00:03
    Error: Total CPU time (on all processors): 00:00:02


